
── Pipeline: Rwanda Legislation (rwanda_legislation_v1) ──
Mode: full

Fetching pages from https://rwandalii.org/legislation/…
(node:7095) [DEP0205] DeprecationWarning: `module.register()` is deprecated. Use `module.registerHooks()` instead.
(Use `node --trace-deprecation ...` to show where the warning was created)
  page 1: 49 rows (49 new)
  page 2: 49 rows (49 new)
  page 3: 50 rows (50 new)
  page 4: 49 rows (49 new)
  page 5: 50 rows (50 new)
  page 6: 44 rows (44 new)
  page 7: 35 rows (35 new)
  page 8: 39 rows (39 new)
  page 9: 34 rows (34 new)
  page 10: 39 rows (39 new)
  Total unique acts: 438
  Progress: 100/438 — ingested=100
  Progress: 200/438 — ingested=200
  Progress: 300/438 — ingested=300
  Progress: 400/438 — ingested=400

Ingestion complete. Ingested: 438 | Skipped: 0 | Errors: 0
DB claims (rwanda_legislation_v1): 438
