
── Pipeline 125: Foreign Relations of the United States (FRUS) ──────────
Mode: full | Limit: all

Step 1: Ensuring topics...
(node:12289) [DEP0205] DeprecationWarning: `module.register()` is deprecated. Use `module.registerHooks()` instead.
(Use `node --trace-deprecation ...` to show where the warning was created)
  Created topic: frus

Step 2: Fetching FRUS volume catalog...
  Fetching OPDS catalog: https://history.state.gov/api/v1/catalog/all

Total catalog entries: 551 | Proceeding with: 551

Step 3: Ingesting 551 records...
  Progress: 50/551 — frus1890
  Progress: 100/551 — frus1918Russiav02
  Progress: 150/551 — frus1931v01
  Progress: 200/551 — frus1941v02
  Progress: 250/551 — frus1946v08
  Progress: 300/551 — frus1951v06p2
  Progress: 350/551 — frus1955-57v19
  Progress: 400/551 — frus1961-63v16
  Progress: 450/551 — frus1969-76v06
  Progress: 500/551 — frus1969-76ve10
  Progress: 550/551 — frus1981-88v44p1

Ingestion complete in 105.0s
  Ingested: 551 | Skipped: 0 | Errors: 0

Post-ingestion DB verification...
  Claims:  551
  Sources: 551
  Edges:   551
