
── Pipeline: Tanzania Legislation (tanzania_legislation_v1) ──
Mode: full

Fetching pages from https://tanzlii.org/legislation…
(node:6767) [DEP0205] DeprecationWarning: `module.register()` is deprecated. Use `module.registerHooks()` instead.
(Use `node --trace-deprecation ...` to show where the warning was created)
  page 1: 44 rows (44 new)
  page 2: 38 rows (38 new)
  page 3: 55 rows (55 new)
  page 4: 43 rows (43 new)
  page 5: 42 rows (42 new)
  page 6: 46 rows (46 new)
  page 7: 41 rows (41 new)
  page 8: 42 rows (42 new)
  page 9: 44 rows (44 new)
  page 10: 39 rows (39 new)
  Total unique acts: 434
  Progress: 100/434 — ingested=100
  Progress: 200/434 — ingested=200
  Progress: 300/434 — ingested=300
  Progress: 400/434 — ingested=400

Ingestion complete. Ingested: 434 | Skipped: 0 | Errors: 0
DB claims (tanzania_legislation_v1): 434
