
── Pipeline 78: Georgia (Country) National Laws (Matsne) ─────────
Mode: full
Source: matsne.gov.ge (Legislative Herald of Georgia) — group=Law, type=main

Step 1: Fetching law catalogue from Matsne...
  GET https://matsne.gov.ge/en/document/search?is-ajax=1&page=1&group=1000003&type=main
  Pagination: pages 1..18
  ...page 5/18, 94 so far
  ...page 10/18, 174 so far
  ...page 15/18, 259 so far

Total candidates: 301

Step 2: Ensuring topic...
  Created topic: ge-parliament (parent: gov-region-europe)

Step 3: Writing 301 rows to DB (batches of 50, txn timeout 30s)...
  50/301 processed...  100/301 processed...  150/301 processed...  200/301 processed...  250/301 processed...  300/301 processed...  301/301 processed...
Ingestion complete in 37.6s
  Ingested: 301 | Skipped: 0 | Errors: 0

Post-ingestion DB verification...
  Claims:  301
  Sources: 301
  Edges:   301
