
── Pipeline 79: Jamaica National Acts of Parliament (Laws of Jamaica) ─────────
Mode: dry-run
Source: laws.moj.gov.jm (Ministry of Justice) — Acts of Parliament 2000–2023

Step 1: Fetching Acts of Parliament catalogue (per year)...
  2023: 20 acts (server reported 20)
  2022: 12 acts (server reported 12)
  2021: 25 acts (server reported 25)
  2020: 17 acts (server reported 17)
  2019: 20 acts (server reported 20)
  2018: 19 acts (server reported 19)
  2017: 33 acts (server reported 33)
  2016: 23 acts (server reported 23)
  2015: 33 acts (server reported 33)
  2014: 24 acts (server reported 24)
  2013: 40 acts (server reported 40)
  2012: 14 acts (server reported 14)
  2011: 22 acts (server reported 22)
  2010: 32 acts (server reported 32)
  2009: 14 acts (server reported 14)
  2008: 16 acts (server reported 16)
  2007: 10 acts (server reported 10)
  2006: 11 acts (server reported 11)
  2005: 34 acts (server reported 34)
  2004: 0 acts (server reported 0)
  2003: 0 acts (server reported 0)
  2002: 42 acts (server reported 42)
  2001: 48 acts (server reported 48)
  2000: 19 acts (server reported 19)

  Server-reported total across years: 528
  Parsed rows (pre-dedup):            528
  Unique candidates after dedup:      528

Total unique candidates: 528
  Written: pipeline-79-dry-run-sample.json

Decade distribution:
  2000s: 194
  2010s: 260
  2020s: 74

Year distribution:
  2000: 19
  2001: 48
  2002: 42
  2005: 34
  2006: 11
  2007: 10
  2008: 16
  2009: 14
  2010: 32
  2011: 22
  2012: 14
  2013: 40
  2014: 24
  2015: 33
  2016: 23
  2017: 33
  2018: 19
  2019: 20
  2020: 17
  2021: 25
  2022: 12
  2023: 20

Coverage:
  Act number parseable:      481 / 528 (91.1%)
  PDF download link present: 528 / 528 (100.0%)

Sample (first 5):
  1. The Road Traffic (Reprieve and Nullification of Prescribed Notices) Act
     Act 1 of 2023 · slug=1-2023-the-road-traffic-reprieve-and-nullification-of-prescr
  2. Representation of the People (Postponement of Elections to Municipal Corp.)
     Act 2 of 2023 · slug=2-2023-representation-of-the-people-postponement-of-election
  3. The Appropriation Act
     Act 03 of 2023 · slug=03-2023-the-appropriation-act
  4. The Financial Administration and Audit (Amendment) Act
     Act 05 of 2023 · slug=05-2023-the-financial-administration-and-audit-amendment-act
  5. The Electronic Transactions (Amendment) Act
     Act 06 of 2023 · slug=06-2023-the-electronic-transactions-amendment-act

Dry-run complete. No DB writes performed.
