
── Pipeline: Zambia Legislation (zambia_legislation_v1) ──
Mode: full

Fetching pages from https://zambialii.org/legislation…
(node:6817) [DEP0205] DeprecationWarning: `module.register()` is deprecated. Use `module.registerHooks()` instead.
(Use `node --trace-deprecation ...` to show where the warning was created)
  page 1: 63 rows (63 new)
  page 2: 57 rows (57 new)
  page 3: 289 rows (289 new)
  page 4: 147 rows (147 new)
  page 5: 51 rows (51 new)
  page 6: 161 rows (161 new)
  page 7: 78 rows (78 new)
  page 8: 86 rows (86 new)
  page 9: 105 rows (105 new)
  page 10: 82 rows (82 new)
  Total unique acts: 1119
  Progress: 100/1119 — ingested=100
  Progress: 200/1119 — ingested=200
  Progress: 300/1119 — ingested=300
  Progress: 400/1119 — ingested=400
  Progress: 500/1119 — ingested=500
  Progress: 600/1119 — ingested=600
  Progress: 700/1119 — ingested=700
  Progress: 800/1119 — ingested=800
  Progress: 900/1119 — ingested=900
  Progress: 1000/1119 — ingested=1000
  Progress: 1100/1119 — ingested=1100

Ingestion complete. Ingested: 1119 | Skipped: 0 | Errors: 0
DB claims (zambia_legislation_v1): 1119
