
── Pipeline: Uganda Legislation (uganda_legislation_v1) ──
Mode: full

Fetching pages from https://ulii.org/legislation…
(node:6765) [DEP0205] DeprecationWarning: `module.register()` is deprecated. Use `module.registerHooks()` instead.
(Use `node --trace-deprecation ...` to show where the warning was created)
  page 1: 52 rows (52 new)
  page 2: 115 rows (115 new)
  page 3: 50 rows (50 new)
  page 4: 65 rows (65 new)
  page 5: 46 rows (46 new)
  page 6: 70 rows (70 new)
  page 7: 61 rows (61 new)
  page 8: 53 rows (53 new)
  page 9: 64 rows (64 new)
  Total unique acts: 576
  Progress: 100/576 — ingested=100
  Progress: 200/576 — ingested=200
  Progress: 300/576 — ingested=300
  Progress: 400/576 — ingested=400
  Progress: 500/576 — ingested=500

Ingestion complete. Ingested: 576 | Skipped: 0 | Errors: 0
DB claims (uganda_legislation_v1): 576
