
── Pipeline: openFDA Drug Labels (openfda_labels_v1) ──
Mode: WRITE | Limit: none (full)
  OPENFDA_API_KEY present

Discovering effective_time partitions ([19000101 TO 20991231])...
(node:77335) [DEP0205] DeprecationWarning: `module.register()` is deprecated. Use `module.registerHooks()` instead.
(Use `node --trace-deprecation ...` to show where the warning was created)
  Server-reported total in window: 258,334
  Discovered 20 partition(s) summing to 258,334 (server total 258,334, 22.0s).
  ✓ Partition sum matches server total.
    [19000101 TO 20000101] 16
    [20000102 TO 20120702] 14,342
    [20120703 TO 20150818] 15,651
    [20150819 TO 20170311] 12,828
    [20170312 TO 20181002] 17,971
    [20181003 TO 20200425] 23,036
    [20200426 TO 20210204] 20,662
    [20210205 TO 20211116] 10,461
    [20211117 TO 20220829] 12,695
    [20220830 TO 20230610] 14,635
    [20230611 TO 20240321] 19,106
    [20240322 TO 20240811] 10,277
    [20240812 TO 20241231] 22,246
    [20250101 TO 20250523] 13,719
    [20250524 TO 20251013] 14,109
    [20251014 TO 20251224] 13,508
    [20251225 TO 20260305] 13,431
    [20260306 TO 20260725] 9,637
    [20260726 TO 20280216] 3
    [20280217 TO 20310402] 1
  Progress: seen=500 ingested=0 skipped=1 errors=499 (6s)
  Progress: seen=1000 ingested=0 skipped=1 errors=999 (10s)
  Progress: seen=1500 ingested=0 skipped=1 errors=1499 (16s)
  Progress: seen=2000 ingested=0 skipped=1 errors=1999 (21s)
  Progress: seen=2500 ingested=0 skipped=1 errors=2499 (25s)
  Progress: seen=3000 ingested=0 skipped=2 errors=2998 (31s)
  Progress: seen=3500 ingested=0 skipped=2 errors=3498 (36s)
  Progress: seen=4000 ingested=0 skipped=2 errors=3998 (40s)
  Progress: seen=4500 ingested=0 skipped=2 errors=4498 (45s)
  Progress: seen=5000 ingested=0 skipped=2 errors=4998 (50s)
  Progress: seen=5500 ingested=0 skipped=2 errors=5498 (54s)
  Progress: seen=6000 ingested=0 skipped=2 errors=5998 (59s)
  Progress: seen=6500 ingested=0 skipped=2 errors=6498 (63s)
  Progress: seen=7000 ingested=0 skipped=2 errors=6998 (67s)
  Progress: seen=7500 ingested=0 skipped=2 errors=7498 (72s)
  Progress: seen=8000 ingested=0 skipped=2 errors=7998 (77s)
  Progress: seen=8500 ingested=0 skipped=2 errors=8498 (81s)
  Progress: seen=9000 ingested=0 skipped=2 errors=8998 (86s)
  Progress: seen=9500 ingested=0 skipped=3 errors=9497 (90s)
  Progress: seen=10000 ingested=0 skipped=3 errors=9997 (95s)
  Progress: seen=10500 ingested=0 skipped=4 errors=10496 (99s)
  Progress: seen=11000 ingested=0 skipped=4 errors=10996 (103s)
  Progress: seen=11500 ingested=0 skipped=4 errors=11496 (107s)
  Progress: seen=12000 ingested=0 skipped=4 errors=11996 (112s)
  Progress: seen=12500 ingested=0 skipped=5 errors=12495 (116s)
  Progress: seen=13000 ingested=0 skipped=6 errors=12994 (120s)
  Progress: seen=13500 ingested=0 skipped=8 errors=13492 (125s)
  Progress: seen=14000 ingested=0 skipped=9 errors=13991 (129s)
  Progress: seen=14500 ingested=0 skipped=9 errors=14491 (134s)
  Progress: seen=15000 ingested=0 skipped=11 errors=14989 (138s)
  Progress: seen=15500 ingested=0 skipped=11 errors=15489 (142s)
  Progress: seen=16000 ingested=0 skipped=11 errors=15989 (146s)
  Progress: seen=16500 ingested=0 skipped=12 errors=16488 (149s)
  Progress: seen=17000 ingested=0 skipped=13 errors=16987 (153s)
  Progress: seen=17500 ingested=0 skipped=14 errors=17486 (157s)
  Progress: seen=18000 ingested=0 skipped=15 errors=17985 (161s)
  Progress: seen=18500 ingested=0 skipped=17 errors=18483 (166s)
  Progress: seen=19000 ingested=0 skipped=17 errors=18983 (170s)
  Progress: seen=19500 ingested=0 skipped=18 errors=19482 (174s)
  Progress: seen=20000 ingested=0 skipped=21 errors=19979 (178s)
  Progress: seen=20500 ingested=0 skipped=23 errors=20477 (182s)
  Progress: seen=21000 ingested=0 skipped=24 errors=20976 (186s)
  Progress: seen=21500 ingested=0 skipped=25 errors=21475 (190s)
  Progress: seen=22000 ingested=0 skipped=26 errors=21974 (194s)
  Progress: seen=22500 ingested=0 skipped=26 errors=22474 (198s)
  Progress: seen=23000 ingested=0 skipped=27 errors=22973 (202s)
  Progress: seen=23500 ingested=0 skipped=27 errors=23473 (206s)
  Progress: seen=24000 ingested=0 skipped=27 errors=23973 (210s)
  Progress: seen=24500 ingested=0 skipped=29 errors=24471 (214s)
  Progress: seen=25000 ingested=0 skipped=30 errors=24970 (218s)
  Progress: seen=25500 ingested=0 skipped=31 errors=25469 (222s)
  Progress: seen=26000 ingested=0 skipped=31 errors=25969 (226s)
  Progress: seen=26500 ingested=0 skipped=31 errors=26469 (230s)
  Progress: seen=27000 ingested=0 skipped=32 errors=26968 (235s)
  Progress: seen=27500 ingested=0 skipped=34 errors=27466 (239s)
  Progress: seen=28000 ingested=0 skipped=35 errors=27965 (243s)
  Progress: seen=28500 ingested=0 skipped=37 errors=28463 (246s)
  Progress: seen=29000 ingested=0 skipped=38 errors=28962 (250s)
  Progress: seen=29500 ingested=0 skipped=41 errors=29459 (255s)
  Progress: seen=30000 ingested=0 skipped=42 errors=29958 (258s)
  Progress: seen=30500 ingested=0 skipped=43 errors=30457 (263s)
  Progress: seen=31000 ingested=0 skipped=50 errors=30950 (268s)
  Progress: seen=31500 ingested=0 skipped=55 errors=31445 (272s)
  Progress: seen=32000 ingested=0 skipped=61 errors=31939 (277s)
  Progress: seen=32500 ingested=0 skipped=66 errors=32434 (282s)
  Progress: seen=33000 ingested=0 skipped=73 errors=32927 (286s)
  Progress: seen=33500 ingested=0 skipped=77 errors=33423 (291s)
  Progress: seen=34000 ingested=0 skipped=81 errors=33919 (296s)
  Progress: seen=34500 ingested=0 skipped=92 errors=34408 (301s)
  Progress: seen=35000 ingested=0 skipped=101 errors=34899 (306s)
  Progress: seen=35500 ingested=0 skipped=107 errors=35393 (312s)
  Progress: seen=36000 ingested=0 skipped=118 errors=35882 (318s)
  Progress: seen=36500 ingested=0 skipped=129 errors=36371 (324s)
  Progress: seen=37000 ingested=0 skipped=137 errors=36863 (330s)
  Progress: seen=37500 ingested=0 skipped=141 errors=37359 (335s)
  Progress: seen=38000 ingested=0 skipped=146 errors=37854 (340s)
  Progress: seen=38500 ingested=0 skipped=156 errors=38344 (346s)
  Progress: seen=39000 ingested=0 skipped=170 errors=38830 (352s)
  Progress: seen=39500 ingested=0 skipped=179 errors=39321 (358s)
  Progress: seen=40000 ingested=0 skipped=190 errors=39810 (363s)
  Progress: seen=40500 ingested=0 skipped=201 errors=40299 (369s)
  Progress: seen=41000 ingested=0 skipped=213 errors=40787 (375s)
  Progress: seen=41500 ingested=0 skipped=219 errors=41281 (383s)
  Progress: seen=42000 ingested=0 skipped=226 errors=41774 (389s)
  Progress: seen=42500 ingested=0 skipped=236 errors=42264 (394s)
  Progress: seen=43000 ingested=0 skipped=248 errors=42752 (401s)
  Progress: seen=43500 ingested=0 skipped=262 errors=43238 (407s)
  Progress: seen=44000 ingested=0 skipped=285 errors=43715 (413s)
  Progress: seen=44500 ingested=0 skipped=302 errors=44198 (419s)
  Progress: seen=45000 ingested=0 skipped=311 errors=44689 (425s)
  Progress: seen=45500 ingested=0 skipped=322 errors=45178 (431s)
  Progress: seen=46000 ingested=0 skipped=340 errors=45660 (436s)
  Progress: seen=46500 ingested=0 skipped=357 errors=46143 (442s)
  Progress: seen=47000 ingested=0 skipped=375 errors=46625 (447s)
  Progress: seen=47500 ingested=0 skipped=398 errors=47102 (454s)
  Progress: seen=48000 ingested=0 skipped=406 errors=47594 (459s)
  Progress: seen=48500 ingested=0 skipped=424 errors=48076 (464s)
  Progress: seen=49000 ingested=0 skipped=443 errors=48557 (469s)
  Progress: seen=49500 ingested=0 skipped=449 errors=49051 (476s)
  Progress: seen=50000 ingested=0 skipped=467 errors=49533 (482s)
  Progress: seen=50500 ingested=0 skipped=478 errors=50022 (487s)
  Progress: seen=51000 ingested=0 skipped=494 errors=50506 (493s)
  Progress: seen=51500 ingested=0 skipped=506 errors=50994 (499s)
  Progress: seen=52000 ingested=0 skipped=519 errors=51481 (504s)
  Progress: seen=52500 ingested=0 skipped=536 errors=51964 (511s)
  Progress: seen=53000 ingested=0 skipped=552 errors=52448 (517s)
  Progress: seen=53500 ingested=0 skipped=563 errors=52937 (522s)
  Progress: seen=54000 ingested=0 skipped=580 errors=53420 (528s)
  Progress: seen=54500 ingested=0 skipped=593 errors=53907 (534s)
  Progress: seen=55000 ingested=0 skipped=612 errors=54388 (541s)
  Progress: seen=55500 ingested=0 skipped=629 errors=54871 (547s)
  Progress: seen=56000 ingested=0 skipped=648 errors=55352 (553s)
  Progress: seen=56500 ingested=0 skipped=666 errors=55834 (561s)
  Progress: seen=57000 ingested=0 skipped=681 errors=56319 (567s)
  Progress: seen=57500 ingested=0 skipped=694 errors=56806 (572s)
  Progress: seen=58000 ingested=0 skipped=707 errors=57293 (578s)
  Progress: seen=58500 ingested=0 skipped=724 errors=57776 (585s)
  Progress: seen=59000 ingested=0 skipped=746 errors=58254 (591s)
  Progress: seen=59500 ingested=0 skipped=772 errors=58728 (597s)
  Progress: seen=60000 ingested=0 skipped=789 errors=59211 (603s)
  Progress: seen=60500 ingested=0 skipped=799 errors=59701 (608s)
  Progress: seen=61000 ingested=0 skipped=826 errors=60174 (615s)
  Progress: seen=61500 ingested=0 skipped=866 errors=60634 (624s)
  Progress: seen=62000 ingested=0 skipped=888 errors=61112 (630s)
  Progress: seen=62500 ingested=0 skipped=914 errors=61586 (637s)
  Progress: seen=63000 ingested=0 skipped=942 errors=62058 (643s)
  Progress: seen=63500 ingested=0 skipped=973 errors=62527 (650s)
  Progress: seen=64000 ingested=0 skipped=993 errors=63007 (656s)
  Progress: seen=64500 ingested=0 skipped=1021 errors=63479 (663s)
  Progress: seen=65000 ingested=0 skipped=1040 errors=63960 (669s)
  Progress: seen=65500 ingested=0 skipped=1060 errors=64440 (675s)
  Progress: seen=66000 ingested=0 skipped=1085 errors=64915 (682s)
  Progress: seen=66500 ingested=0 skipped=1114 errors=65386 (691s)
  Progress: seen=67000 ingested=0 skipped=1133 errors=65867 (697s)
  Progress: seen=67500 ingested=0 skipped=1151 errors=66349 (703s)
  Progress: seen=68000 ingested=0 skipped=1168 errors=66832 (709s)
  Progress: seen=68500 ingested=0 skipped=1195 errors=67305 (716s)
  Progress: seen=69000 ingested=0 skipped=1216 errors=67784 (723s)
  Progress: seen=69500 ingested=0 skipped=1239 errors=68261 (729s)
  Progress: seen=70000 ingested=0 skipped=1261 errors=68739 (736s)
  Progress: seen=70500 ingested=0 skipped=1287 errors=69213 (743s)
  Progress: seen=71000 ingested=0 skipped=1307 errors=69693 (748s)
  Progress: seen=71500 ingested=0 skipped=1332 errors=70168 (754s)
  Progress: seen=72000 ingested=0 skipped=1357 errors=70643 (762s)
  Progress: seen=72500 ingested=0 skipped=1386 errors=71114 (768s)
  Progress: seen=73000 ingested=0 skipped=1413 errors=71587 (774s)
  Progress: seen=73500 ingested=0 skipped=1436 errors=72064 (780s)
  Progress: seen=74000 ingested=0 skipped=1447 errors=72553 (785s)
  Progress: seen=74500 ingested=0 skipped=1470 errors=73030 (790s)
  Progress: seen=75000 ingested=0 skipped=1480 errors=73520 (796s)
  Progress: seen=75500 ingested=0 skipped=1500 errors=74000 (801s)
  Progress: seen=76000 ingested=0 skipped=1529 errors=74471 (806s)
  Progress: seen=76500 ingested=0 skipped=1535 errors=74965 (809s)
  Progress: seen=77000 ingested=0 skipped=1540 errors=75460 (812s)
  Progress: seen=77500 ingested=0 skipped=1547 errors=75953 (816s)
  Progress: seen=78000 ingested=0 skipped=1571 errors=76429 (822s)
  Progress: seen=78500 ingested=0 skipped=1604 errors=76896 (828s)
  Progress: seen=79000 ingested=0 skipped=1633 errors=77367 (836s)
  Progress: seen=79500 ingested=0 skipped=1662 errors=77838 (842s)
  Progress: seen=80000 ingested=0 skipped=1695 errors=78305 (848s)
  Progress: seen=80500 ingested=0 skipped=1727 errors=78773 (855s)
  Progress: seen=81000 ingested=0 skipped=1756 errors=79244 (861s)
  Progress: seen=81500 ingested=0 skipped=1788 errors=79712 (868s)
  Progress: seen=82000 ingested=0 skipped=1825 errors=80175 (877s)
  Progress: seen=82500 ingested=0 skipped=1853 errors=80647 (884s)
  Progress: seen=83000 ingested=0 skipped=1885 errors=81115 (890s)
  Progress: seen=83500 ingested=0 skipped=1917 errors=81583 (898s)
  Progress: seen=84000 ingested=0 skipped=1947 errors=82053 (905s)
  Progress: seen=84500 ingested=0 skipped=1987 errors=82513 (911s)
  Progress: seen=85000 ingested=0 skipped=2030 errors=82970 (918s)
  Progress: seen=85500 ingested=0 skipped=2061 errors=83439 (924s)
  Progress: seen=86000 ingested=0 skipped=2088 errors=83912 (930s)
  Progress: seen=86500 ingested=0 skipped=2121 errors=84379 (936s)
  Progress: seen=87000 ingested=0 skipped=2161 errors=84839 (943s)
  Progress: seen=87500 ingested=0 skipped=2184 errors=85316 (950s)
  Progress: seen=88000 ingested=0 skipped=2209 errors=85791 (956s)
  Progress: seen=88500 ingested=0 skipped=2229 errors=86271 (962s)
  Progress: seen=89000 ingested=0 skipped=2254 errors=86746 (968s)
  Progress: seen=89500 ingested=0 skipped=2297 errors=87203 (975s)
  Progress: seen=90000 ingested=0 skipped=2336 errors=87664 (984s)
  Progress: seen=90500 ingested=0 skipped=2354 errors=88146 (990s)
  Progress: seen=91000 ingested=0 skipped=2407 errors=88593 (1000s)
  Progress: seen=91500 ingested=0 skipped=2494 errors=89006 (1008s)
  Progress: seen=92000 ingested=0 skipped=2505 errors=89495 (1012s)
  Progress: seen=92500 ingested=0 skipped=2516 errors=89984 (1016s)
  Progress: seen=93000 ingested=0 skipped=2519 errors=90481 (1018s)
  Progress: seen=93500 ingested=0 skipped=2520 errors=90980 (1021s)
  Progress: seen=94000 ingested=0 skipped=2525 errors=91475 (1025s)
  Progress: seen=94500 ingested=0 skipped=2530 errors=91970 (1027s)
  Progress: seen=95000 ingested=0 skipped=2535 errors=92465 (1031s)
  Progress: seen=95500 ingested=0 skipped=2540 errors=92960 (1034s)
  Progress: seen=96000 ingested=0 skipped=2545 errors=93455 (1037s)
  Progress: seen=96500 ingested=0 skipped=2549 errors=93951 (1040s)
  Progress: seen=97000 ingested=0 skipped=2552 errors=94448 (1043s)
  Progress: seen=97500 ingested=0 skipped=2560 errors=94940 (1046s)
  Progress: seen=98000 ingested=0 skipped=2562 errors=95438 (1049s)
  Progress: seen=98500 ingested=0 skipped=2568 errors=95932 (1052s)
  Progress: seen=99000 ingested=0 skipped=2571 errors=96429 (1055s)
  Progress: seen=99500 ingested=0 skipped=2583 errors=96917 (1058s)
  Progress: seen=100000 ingested=0 skipped=2599 errors=97401 (1062s)
  Progress: seen=100500 ingested=0 skipped=2608 errors=97892 (1065s)
  Progress: seen=101000 ingested=0 skipped=2622 errors=98378 (1069s)
  Progress: seen=101500 ingested=0 skipped=2635 errors=98865 (1073s)
  Progress: seen=102000 ingested=0 skipped=2666 errors=99334 (1079s)
  Progress: seen=102500 ingested=0 skipped=2713 errors=99787 (1088s)
  Progress: seen=103000 ingested=0 skipped=2747 errors=100253 (1096s)
  Progress: seen=103500 ingested=0 skipped=2788 errors=100712 (1102s)
  Progress: seen=104000 ingested=0 skipped=2840 errors=101160 (1109s)
  Progress: seen=104500 ingested=0 skipped=2878 errors=101622 (1116s)
  Progress: seen=105000 ingested=0 skipped=2946 errors=102054 (1124s)
  Progress: seen=105500 ingested=0 skipped=3020 errors=102480 (1133s)
  Progress: seen=106000 ingested=0 skipped=3077 errors=102923 (1140s)
  Progress: seen=106500 ingested=0 skipped=3124 errors=103376 (1147s)
  Progress: seen=107000 ingested=0 skipped=3171 errors=103829 (1154s)
  Progress: seen=107500 ingested=0 skipped=3226 errors=104274 (1161s)
  Progress: seen=108000 ingested=0 skipped=3276 errors=104724 (1168s)
  Progress: seen=108500 ingested=0 skipped=3320 errors=105180 (1176s)
  Progress: seen=109000 ingested=0 skipped=3369 errors=105631 (1183s)
  Progress: seen=109500 ingested=0 skipped=3439 errors=106061 (1190s)
  Progress: seen=110000 ingested=0 skipped=3455 errors=106545 (1194s)
  Progress: seen=110500 ingested=0 skipped=3462 errors=107038 (1200s)
  Progress: seen=111000 ingested=0 skipped=3484 errors=107516 (1204s)
  Progress: seen=111500 ingested=0 skipped=3520 errors=107980 (1210s)
  Progress: seen=112000 ingested=0 skipped=3562 errors=108438 (1216s)
  Progress: seen=112500 ingested=0 skipped=3610 errors=108890 (1221s)
  Progress: seen=113000 ingested=0 skipped=3648 errors=109352 (1229s)
  Progress: seen=113500 ingested=0 skipped=3673 errors=109827 (1235s)
  Progress: seen=114000 ingested=0 skipped=3731 errors=110269 (1243s)
  Progress: seen=114500 ingested=0 skipped=3788 errors=110712 (1253s)
  Progress: seen=115000 ingested=0 skipped=3850 errors=111150 (1262s)
  Progress: seen=115500 ingested=0 skipped=3932 errors=111568 (1275s)
  Progress: seen=116000 ingested=0 skipped=4022 errors=111978 (1288s)
  Progress: seen=116500 ingested=0 skipped=4129 errors=112371 (1301s)
  Progress: seen=117000 ingested=0 skipped=4200 errors=112800 (1312s)
  Progress: seen=117500 ingested=0 skipped=4272 errors=113228 (1324s)
  Progress: seen=118000 ingested=0 skipped=4324 errors=113676 (1334s)
  Progress: seen=118500 ingested=0 skipped=4394 errors=114106 (1345s)
  Progress: seen=119000 ingested=0 skipped=4456 errors=114544 (1356s)
  Progress: seen=119500 ingested=0 skipped=4525 errors=114975 (1366s)
  Progress: seen=120000 ingested=0 skipped=4595 errors=115405 (1375s)
  Progress: seen=120500 ingested=0 skipped=4657 errors=115843 (1383s)
  Progress: seen=121000 ingested=0 skipped=4734 errors=116266 (1391s)
  Progress: seen=121500 ingested=0 skipped=4808 errors=116692 (1399s)
  Progress: seen=122000 ingested=0 skipped=4824 errors=117176 (1403s)
  Progress: seen=122500 ingested=0 skipped=4851 errors=117649 (1409s)
  Progress: seen=123000 ingested=0 skipped=4878 errors=118122 (1414s)
  Progress: seen=123500 ingested=0 skipped=4908 errors=118592 (1419s)
  Progress: seen=124000 ingested=0 skipped=4948 errors=119052 (1425s)
  Progress: seen=124500 ingested=0 skipped=4999 errors=119501 (1432s)
  Progress: seen=125000 ingested=0 skipped=5079 errors=119921 (1442s)
  Progress: seen=125500 ingested=0 skipped=5133 errors=120367 (1449s)
  Progress: seen=126000 ingested=0 skipped=5200 errors=120800 (1457s)
  Progress: seen=126500 ingested=0 skipped=5359 errors=121141 (1471s)
  Progress: seen=127000 ingested=0 skipped=5522 errors=121478 (1483s)
  Progress: seen=127500 ingested=0 skipped=5618 errors=121882 (1493s)
  Progress: seen=128000 ingested=0 skipped=5732 errors=122268 (1506s)
  Progress: seen=128500 ingested=0 skipped=5871 errors=122629 (1519s)
  Progress: seen=129000 ingested=0 skipped=6002 errors=122998 (1532s)
  Progress: seen=129500 ingested=0 skipped=6126 errors=123374 (1544s)
  Progress: seen=130000 ingested=0 skipped=6256 errors=123744 (1556s)
  Progress: seen=130500 ingested=0 skipped=6383 errors=124117 (1569s)
  Progress: seen=131000 ingested=0 skipped=6514 errors=124486 (1582s)
  Progress: seen=131500 ingested=0 skipped=6635 errors=124865 (1595s)
  Progress: seen=132000 ingested=0 skipped=6806 errors=125194 (1610s)
  Progress: seen=132500 ingested=0 skipped=6928 errors=125572 (1623s)
  Progress: seen=133000 ingested=0 skipped=7059 errors=125941 (1637s)
  Progress: seen=133500 ingested=0 skipped=7380 errors=126120 (1657s)
  Progress: seen=134000 ingested=0 skipped=7561 errors=126439 (1671s)
  Progress: seen=134500 ingested=0 skipped=7652 errors=126848 (1681s)
  Progress: seen=135000 ingested=0 skipped=7760 errors=127240 (1691s)
  Progress: seen=135500 ingested=0 skipped=7871 errors=127629 (1701s)
  Progress: seen=136000 ingested=0 skipped=7923 errors=128077 (1707s)
  Progress: seen=136500 ingested=0 skipped=7975 errors=128525 (1716s)
  Progress: seen=137000 ingested=0 skipped=8063 errors=128937 (1725s)
  Progress: seen=137500 ingested=0 skipped=8157 errors=129343 (1737s)
  Progress: seen=138000 ingested=0 skipped=8245 errors=129755 (1748s)
  Progress: seen=138500 ingested=0 skipped=8346 errors=130154 (1758s)
  Progress: seen=139000 ingested=0 skipped=8456 errors=130544 (1769s)
  Progress: seen=139500 ingested=0 skipped=8574 errors=130926 (1781s)
  Progress: seen=140000 ingested=0 skipped=8710 errors=131290 (1793s)
  Progress: seen=140500 ingested=0 skipped=8849 errors=131651 (1804s)
  Progress: seen=141000 ingested=0 skipped=8977 errors=132023 (1815s)
  Progress: seen=141500 ingested=0 skipped=9122 errors=132378 (1827s)
  Progress: seen=142000 ingested=0 skipped=9269 errors=132731 (1839s)
  Progress: seen=142500 ingested=0 skipped=9441 errors=133059 (1853s)
  Progress: seen=143000 ingested=0 skipped=9655 errors=133345 (1867s)
  Progress: seen=143500 ingested=0 skipped=9899 errors=133601 (1883s)
  Progress: seen=144000 ingested=0 skipped=10081 errors=133919 (1896s)
  Progress: seen=144500 ingested=0 skipped=10330 errors=134170 (1912s)
  Progress: seen=145000 ingested=0 skipped=10462 errors=134538 (1921s)
  Progress: seen=145500 ingested=0 skipped=10658 errors=134842 (1936s)
  Progress: seen=146000 ingested=0 skipped=10876 errors=135124 (1952s)
  Progress: seen=146500 ingested=0 skipped=11108 errors=135392 (1969s)
  Progress: seen=147000 ingested=0 skipped=11380 errors=135620 (1988s)
  Progress: seen=147500 ingested=0 skipped=11622 errors=135878 (2007s)
  Progress: seen=148000 ingested=0 skipped=11882 errors=136118 (2025s)
  Progress: seen=148500 ingested=0 skipped=12128 errors=136372 (2044s)
  Progress: seen=149000 ingested=0 skipped=12378 errors=136622 (2064s)
  Progress: seen=149500 ingested=0 skipped=12637 errors=136863 (2082s)
  Progress: seen=150000 ingested=0 skipped=12886 errors=137114 (2101s)
  Progress: seen=150500 ingested=0 skipped=13115 errors=137385 (2119s)
  Progress: seen=151000 ingested=0 skipped=13408 errors=137592 (2139s)
  Progress: seen=151500 ingested=0 skipped=13668 errors=137832 (2158s)
  Progress: seen=152000 ingested=93 skipped=13973 errors=137934 (2192s)
  Progress: seen=152500 ingested=536 skipped=13973 errors=137991 (2259s)
  Progress: seen=153000 ingested=837 skipped=13973 errors=138190 (2307s)
  Progress: seen=153500 ingested=1076 skipped=13973 errors=138451 (2348s)
  Progress: seen=154000 ingested=1323 skipped=13973 errors=138704 (2396s)
  Progress: seen=154500 ingested=1576 skipped=13973 errors=138951 (2449s)
  Progress: seen=155000 ingested=1786 skipped=13973 errors=139241 (2494s)
  Progress: seen=155500 ingested=2001 skipped=13973 errors=139526 (2538s)
  Progress: seen=156000 ingested=2227 skipped=13973 errors=139800 (2582s)
  Progress: seen=156500 ingested=2494 skipped=13973 errors=140033 (2629s)
  Progress: seen=157000 ingested=2788 skipped=13973 errors=140239 (2680s)
  Progress: seen=157500 ingested=3050 skipped=13973 errors=140477 (2725s)
  Progress: seen=158000 ingested=3277 skipped=13973 errors=140750 (2768s)
  Progress: seen=158500 ingested=3513 skipped=13973 errors=141014 (2817s)
  Progress: seen=159000 ingested=3750 skipped=13973 errors=141277 (2866s)
  Progress: seen=159500 ingested=3975 skipped=13973 errors=141552 (2908s)
  Progress: seen=160000 ingested=4226 skipped=13973 errors=141801 (2959s)
  Progress: seen=160500 ingested=4473 skipped=13973 errors=142054 (3009s)
  Progress: seen=161000 ingested=4717 skipped=13973 errors=142310 (3053s)
  Progress: seen=161500 ingested=4989 skipped=13973 errors=142538 (3107s)
  Progress: seen=162000 ingested=5283 skipped=13973 errors=142744 (3167s)
  Progress: seen=162500 ingested=5468 skipped=13973 errors=143059 (3198s)
  Progress: seen=163000 ingested=5561 skipped=13973 errors=143466 (3215s)
  Progress: seen=163500 ingested=5827 skipped=13973 errors=143700 (3262s)
  Progress: seen=164000 ingested=6132 skipped=13973 errors=143895 (3321s)
  Progress: seen=164500 ingested=6282 skipped=13973 errors=144245 (3352s)
  Progress: seen=165000 ingested=6593 skipped=13973 errors=144434 (3409s)
  Progress: seen=165500 ingested=6913 skipped=13973 errors=144614 (3462s)
  Progress: seen=166000 ingested=7127 skipped=13973 errors=144900 (3503s)
  Progress: seen=166500 ingested=7374 skipped=13973 errors=145153 (3549s)
  Network error at skip=5500 (attempt 1/5): fetch failed. Sleeping 5s...
  Progress: seen=167000 ingested=7634 skipped=13973 errors=145393 (3602s)
  Progress: seen=167500 ingested=7897 skipped=13973 errors=145630 (3656s)
  Progress: seen=168000 ingested=8126 skipped=13973 errors=145901 (3696s)
  Progress: seen=168500 ingested=8398 skipped=13973 errors=146129 (3746s)
  Progress: seen=169000 ingested=8682 skipped=13973 errors=146345 (3800s)
  Progress: seen=169500 ingested=8945 skipped=13973 errors=146582 (3842s)
  Progress: seen=170000 ingested=9243 skipped=13973 errors=146784 (3898s)
  Progress: seen=170500 ingested=9577 skipped=13973 errors=146950 (3955s)
  Progress: seen=171000 ingested=9894 skipped=13973 errors=147133 (4009s)
  Progress: seen=171500 ingested=10147 skipped=13973 errors=147380 (4052s)
  Progress: seen=172000 ingested=10462 skipped=13973 errors=147565 (4112s)
  Progress: seen=172500 ingested=10768 skipped=13973 errors=147759 (4165s)
  Progress: seen=173000 ingested=11070 skipped=13973 errors=147957 (4215s)
  Progress: seen=173500 ingested=11336 skipped=13973 errors=148191 (4263s)
  Progress: seen=174000 ingested=11554 skipped=13973 errors=148473 (4304s)
  Progress: seen=174500 ingested=11641 skipped=13973 errors=148886 (4320s)
  Progress: seen=175000 ingested=11772 skipped=13973 errors=149255 (4342s)
  Progress: seen=175500 ingested=11854 skipped=13973 errors=149673 (4357s)
  Progress: seen=176000 ingested=11907 skipped=13973 errors=150120 (4367s)
  Progress: seen=176500 ingested=11932 skipped=13973 errors=150595 (4374s)
  Progress: seen=177000 ingested=11960 skipped=13973 errors=151067 (4380s)
  Progress: seen=177500 ingested=11979 skipped=13973 errors=151548 (4385s)
  Progress: seen=178000 ingested=12004 skipped=13973 errors=152023 (4392s)
  Progress: seen=178500 ingested=12022 skipped=13973 errors=152505 (4398s)
  Progress: seen=179000 ingested=12070 skipped=13973 errors=152957 (4412s)
  Progress: seen=179500 ingested=12168 skipped=13973 errors=153359 (4432s)
  Progress: seen=180000 ingested=12279 skipped=13973 errors=153748 (4455s)
  Progress: seen=180500 ingested=12516 skipped=13973 errors=154011 (4496s)
  Progress: seen=181000 ingested=12781 skipped=13973 errors=154246 (4551s)
  Progress: seen=181500 ingested=13076 skipped=13973 errors=154451 (4612s)
  Progress: seen=182000 ingested=13332 skipped=13973 errors=154695 (4672s)
  Progress: seen=182500 ingested=13606 skipped=13973 errors=154921 (4727s)
  Progress: seen=183000 ingested=13877 skipped=13973 errors=155150 (4781s)
  Progress: seen=183500 ingested=14134 skipped=13973 errors=155393 (4832s)
  Progress: seen=184000 ingested=14388 skipped=13973 errors=155639 (4884s)
  Progress: seen=184500 ingested=14631 skipped=13973 errors=155896 (4933s)
  Progress: seen=185000 ingested=14898 skipped=13973 errors=156129 (4985s)
  Progress: seen=185500 ingested=15181 skipped=13973 errors=156346 (5043s)
  Progress: seen=186000 ingested=15461 skipped=13973 errors=156566 (5096s)
  Progress: seen=186500 ingested=15732 skipped=13973 errors=156795 (5146s)
  Progress: seen=187000 ingested=16030 skipped=13973 errors=156997 (5201s)
  Progress: seen=187500 ingested=16280 skipped=13973 errors=157247 (5250s)
  Progress: seen=188000 ingested=16553 skipped=13973 errors=157474 (5306s)
  Progress: seen=188500 ingested=16850 skipped=13973 errors=157677 (5364s)
  Progress: seen=189000 ingested=17122 skipped=13973 errors=157905 (5413s)
  Progress: seen=189500 ingested=17409 skipped=13973 errors=158118 (5469s)
  Progress: seen=190000 ingested=17694 skipped=13973 errors=158333 (5525s)
  Progress: seen=190500 ingested=17981 skipped=13973 errors=158546 (5582s)
  Progress: seen=191000 ingested=18268 skipped=13973 errors=158759 (5641s)
  Progress: seen=191500 ingested=18566 skipped=13973 errors=158961 (5701s)
  Progress: seen=192000 ingested=18879 skipped=13973 errors=159148 (5764s)
  Progress: seen=192500 ingested=19191 skipped=13973 errors=159336 (5826s)
  Progress: seen=193000 ingested=19513 skipped=13973 errors=159514 (5885s)
  Progress: seen=193500 ingested=19841 skipped=13973 errors=159686 (5943s)
  Progress: seen=194000 ingested=20169 skipped=13973 errors=159858 (6007s)
  Progress: seen=194500 ingested=20563 skipped=13973 errors=159964 (6085s)
  Progress: seen=195000 ingested=20913 skipped=13973 errors=160114 (6148s)
  Progress: seen=195500 ingested=21253 skipped=13973 errors=160274 (6218s)
  Progress: seen=196000 ingested=21603 skipped=13973 errors=160424 (6291s)
  Progress: seen=196500 ingested=21908 skipped=13973 errors=160619 (6339s)
  Progress: seen=197000 ingested=22363 skipped=13973 errors=160664 (6410s)
  Progress: seen=197500 ingested=22827 skipped=13973 errors=160700 (6481s)
  Progress: seen=198000 ingested=23299 skipped=13973 errors=160728 (6553s)
  Progress: seen=198500 ingested=23735 skipped=13973 errors=160792 (6628s)
  Progress: seen=199000 ingested=24136 skipped=13973 errors=160891 (6710s)
  Progress: seen=199500 ingested=24470 skipped=13973 errors=161057 (6782s)
  Progress: seen=200000 ingested=24795 skipped=13973 errors=161232 (6851s)
  Progress: seen=200500 ingested=25114 skipped=13973 errors=161413 (6918s)
  Progress: seen=201000 ingested=25444 skipped=13973 errors=161583 (6976s)
  Progress: seen=201500 ingested=25758 skipped=13973 errors=161769 (7028s)
  Progress: seen=202000 ingested=26070 skipped=13973 errors=161957 (7079s)
  Progress: seen=202500 ingested=26396 skipped=13973 errors=162131 (7133s)
  Network error at skip=9000 (attempt 1/5): fetch failed. Sleeping 5s...
  Progress: seen=203000 ingested=26819 skipped=13973 errors=162208 (7211s)
  Progress: seen=203500 ingested=27143 skipped=13973 errors=162384 (7268s)
  Progress: seen=204000 ingested=27445 skipped=13973 errors=162582 (7320s)
  Progress: seen=204500 ingested=27750 skipped=13973 errors=162777 (7375s)
  Progress: seen=205000 ingested=28089 skipped=13973 errors=162938 (7438s)
  Progress: seen=205500 ingested=28453 skipped=13973 errors=163074 (7511s)
  Progress: seen=206000 ingested=28813 skipped=13973 errors=163214 (7586s)
  Progress: seen=206500 ingested=29175 skipped=13973 errors=163352 (7662s)
  Progress: seen=207000 ingested=29521 skipped=13973 errors=163506 (7733s)
  Progress: seen=207500 ingested=29870 skipped=13973 errors=163657 (7802s)
  Progress: seen=208000 ingested=30240 skipped=13973 errors=163787 (7872s)
  Progress: seen=208500 ingested=30616 skipped=13973 errors=163911 (7937s)
  Progress: seen=209000 ingested=30887 skipped=13973 errors=164140 (7990s)
  Progress: seen=209500 ingested=31101 skipped=13973 errors=164426 (8028s)
  Progress: seen=210000 ingested=31315 skipped=13973 errors=164712 (8071s)
  Progress: seen=210500 ingested=31662 skipped=13973 errors=164865 (8140s)
  Progress: seen=211000 ingested=31962 skipped=13973 errors=165065 (8193s)
  Progress: seen=211500 ingested=32383 skipped=13973 errors=165144 (8274s)
  Progress: seen=212000 ingested=32833 skipped=13973 errors=165194 (8356s)
  Progress: seen=212500 ingested=33310 skipped=13973 errors=165217 (8444s)
  Progress: seen=213000 ingested=33769 skipped=13973 errors=165258 (8534s)
  Progress: seen=213500 ingested=34240 skipped=13973 errors=165287 (8624s)
  Progress: seen=214000 ingested=34635 skipped=13973 errors=165392 (8705s)
  Progress: seen=214500 ingested=35004 skipped=13973 errors=165523 (8786s)
  Progress: seen=215000 ingested=35377 skipped=13973 errors=165650 (8860s)
  Progress: seen=215500 ingested=35749 skipped=13973 errors=165778 (8923s)
  Progress: seen=216000 ingested=36142 skipped=13973 errors=165885 (9003s)
  Progress: seen=216500 ingested=36516 skipped=13973 errors=166011 (9065s)
  Progress: seen=217000 ingested=36886 skipped=13973 errors=166141 (9130s)
  Progress: seen=217500 ingested=37267 skipped=13973 errors=166260 (9199s)
  Progress: seen=218000 ingested=37633 skipped=13973 errors=166394 (9263s)
  Progress: seen=218500 ingested=38007 skipped=13973 errors=166520 (9329s)
  Progress: seen=219000 ingested=38388 skipped=13973 errors=166639 (9412s)
  Progress: seen=219500 ingested=38756 skipped=13973 errors=166771 (9485s)
  Progress: seen=220000 ingested=39150 skipped=13973 errors=166877 (9558s)
  Progress: seen=220500 ingested=39537 skipped=13973 errors=166990 (9640s)
  Progress: seen=221000 ingested=39892 skipped=13973 errors=167135 (9713s)
  Progress: seen=221500 ingested=40279 skipped=13973 errors=167248 (9780s)
  Progress: seen=222000 ingested=40682 skipped=13973 errors=167345 (9854s)
  Progress: seen=222500 ingested=41111 skipped=13973 errors=167416 (9926s)
  Progress: seen=223000 ingested=41520 skipped=13973 errors=167507 (9993s)
  Progress: seen=223500 ingested=41934 skipped=13973 errors=167593 (10067s)
  Progress: seen=224000 ingested=42359 skipped=13973 errors=167668 (10149s)
  Progress: seen=224500 ingested=42783 skipped=13973 errors=167744 (10234s)
  Progress: seen=225000 ingested=43246 skipped=13973 errors=167781 (10315s)
  Progress: seen=225500 ingested=43713 skipped=13973 errors=167814 (10409s)
  Progress: seen=226000 ingested=44134 skipped=13973 errors=167893 (10484s)
  Progress: seen=226500 ingested=44592 skipped=13973 errors=167935 (10560s)
  Progress: seen=227000 ingested=45054 skipped=13973 errors=167973 (10648s)
  Progress: seen=227500 ingested=45494 skipped=13973 errors=168033 (10737s)
  Progress: seen=228000 ingested=45902 skipped=13973 errors=168125 (10809s)
  Network error at skip=6300 (attempt 1/5): fetch failed. Sleeping 5s...
  Progress: seen=228500 ingested=46298 skipped=13973 errors=168229 (10897s)
  Progress: seen=229000 ingested=46683 skipped=13973 errors=168344 (10976s)
  Progress: seen=229500 ingested=47068 skipped=13973 errors=168459 (11054s)
  Progress: seen=230000 ingested=47489 skipped=13973 errors=168538 (11129s)
  Progress: seen=230500 ingested=47905 skipped=13973 errors=168622 (11212s)
  Progress: seen=231000 ingested=48312 skipped=13973 errors=168715 (11289s)
  Progress: seen=231500 ingested=48662 skipped=13973 errors=168865 (11359s)
  Progress: seen=232000 ingested=49044 skipped=13973 errors=168983 (11425s)
  Progress: seen=232500 ingested=49423 skipped=13973 errors=169104 (11488s)
  Progress: seen=233000 ingested=49837 skipped=13973 errors=169190 (11563s)
  Progress: seen=233500 ingested=50249 skipped=13973 errors=169278 (11638s)
  Progress: seen=234000 ingested=50665 skipped=13973 errors=169362 (11706s)
  Progress: seen=234500 ingested=51064 skipped=13973 errors=169463 (11782s)
  Progress: seen=235000 ingested=51480 skipped=13973 errors=169547 (11866s)
  Progress: seen=235500 ingested=51890 skipped=13973 errors=169637 (11935s)
  Progress: seen=236000 ingested=52316 skipped=13973 errors=169711 (12007s)
  Progress: seen=236500 ingested=52710 skipped=13973 errors=169817 (12070s)
  Progress: seen=237000 ingested=53134 skipped=13973 errors=169893 (12136s)
  Progress: seen=237500 ingested=53549 skipped=13973 errors=169978 (12206s)
  Progress: seen=238000 ingested=53952 skipped=13973 errors=170075 (12271s)
  Progress: seen=238500 ingested=54325 skipped=13973 errors=170202 (12333s)
  Progress: seen=239000 ingested=54712 skipped=13973 errors=170315 (12401s)
  Progress: seen=239500 ingested=55082 skipped=13973 errors=170445 (12466s)
  Progress: seen=240000 ingested=55544 skipped=13973 errors=170483 (12541s)
  Progress: seen=240500 ingested=56015 skipped=13973 errors=170512 (12618s)
  Progress: seen=241000 ingested=56468 skipped=13973 errors=170559 (12693s)
  Progress: seen=241500 ingested=56871 skipped=13973 errors=170656 (12764s)
  Progress: seen=242000 ingested=57289 skipped=13973 errors=170738 (12837s)
  Progress: seen=242500 ingested=57705 skipped=13973 errors=170822 (12909s)
  Progress: seen=243000 ingested=58124 skipped=13973 errors=170903 (12980s)
  Progress: seen=243500 ingested=58542 skipped=13973 errors=170985 (13053s)
  Progress: seen=244000 ingested=58955 skipped=13973 errors=171072 (13125s)
  Progress: seen=244500 ingested=59356 skipped=13973 errors=171171 (13195s)
  Progress: seen=245000 ingested=59765 skipped=13973 errors=171262 (13267s)
  Progress: seen=245500 ingested=60172 skipped=13973 errors=171355 (13340s)
  Progress: seen=246000 ingested=60587 skipped=13973 errors=171440 (13414s)
  Progress: seen=246500 ingested=60992 skipped=13973 errors=171535 (13487s)
  Progress: seen=247000 ingested=61428 skipped=13973 errors=171599 (13568s)
  Progress: seen=247500 ingested=61844 skipped=13973 errors=171683 (13637s)
  Progress: seen=248000 ingested=62258 skipped=13973 errors=171769 (13715s)
  Progress: seen=248500 ingested=62676 skipped=13973 errors=171851 (13788s)
  Progress: seen=249000 ingested=63111 skipped=13973 errors=171916 (13868s)
  Progress: seen=249500 ingested=63522 skipped=13973 errors=172005 (13941s)
  Progress: seen=250000 ingested=63957 skipped=13973 errors=172070 (14013s)
  Progress: seen=250500 ingested=64383 skipped=13973 errors=172144 (14086s)
  Progress: seen=251000 ingested=64814 skipped=13973 errors=172213 (14155s)
  Progress: seen=251500 ingested=65254 skipped=13973 errors=172273 (14240s)
  Progress: seen=252000 ingested=65710 skipped=13973 errors=172317 (14317s)
  Progress: seen=252500 ingested=66189 skipped=13973 errors=172338 (14400s)
  Network error at skip=4000 (attempt 1/5): fetch failed. Sleeping 5s...
  Progress: seen=253000 ingested=66672 skipped=13973 errors=172355 (14521s)
  Progress: seen=253500 ingested=67108 skipped=13973 errors=172419 (14611s)
  Progress: seen=254000 ingested=67512 skipped=13973 errors=172515 (14695s)
  Progress: seen=254500 ingested=67930 skipped=13973 errors=172597 (14771s)
  Progress: seen=255000 ingested=68343 skipped=13973 errors=172684 (14845s)
  Progress: seen=255500 ingested=68752 skipped=13973 errors=172775 (14920s)
  Progress: seen=256000 ingested=69151 skipped=13973 errors=172876 (14996s)
  Progress: seen=256500 ingested=69554 skipped=13973 errors=172973 (15074s)
  Progress: seen=257000 ingested=69961 skipped=13973 errors=173066 (15149s)
  Progress: seen=257500 ingested=70377 skipped=13973 errors=173150 (15223s)
  Progress: seen=258000 ingested=70812 skipped=13973 errors=173215 (15301s)

── Summary ──
  Mode               : WRITE
  Partitions         : 20
  Expected (sum)     : 258,334
  Total seen         : 258334
  Ingested     : 71095
  Skipped            : 13973
  Errors             : 173266
  Elapsed (fetch)    : 15349.7s
  Server total       : 258,334

  Sample errors (first 25):
    40d145e6-13f8-41ac-e054-00144ff8d46c: no brand_name or generic_name
    40e45126-37f0-1c38-e054-00144ff8d46c: no brand_name or generic_name
    0a7fd29f-4517-be2a-b91d-dbd32cfc2b20: no brand_name or generic_name
    42034081-428c-1b3d-5062-ed0c8f970609: no brand_name or generic_name
    9f74f56d-45a9-479b-a5f0-3770341f7b84: no brand_name or generic_name
    faa27470-f1a4-461b-b2ae-4ae04a2f271a: no brand_name or generic_name
    bb1a8d81-5969-40dc-b803-c9c94d262447: no brand_name or generic_name
    9cc061a7-2592-9e1d-584a-448004fc9557: no brand_name or generic_name
    01a7bbc2-dd93-49a5-8560-139e9419b29d: no brand_name or generic_name
    3c7b54ec-1ea5-42d2-9ff5-3a85e6eb10be: no brand_name or generic_name
    a74de49f-2bc6-40df-9904-7b9dad9b8820: no brand_name or generic_name
    ec9656f2-0b1b-4148-befb-57876134c2e6: no brand_name or generic_name
    98ffe67e-25a4-420b-94b9-0110ef0b1d97: no brand_name or generic_name
    610fc8bd-0b96-d75b-3de4-3ee871d31a00: no brand_name or generic_name
    07f99143-2318-4360-8f0c-e21f9a8626a2: no brand_name or generic_name
    e5a90643-3f0e-45a2-a9a4-65229c38d6ab: no brand_name or generic_name
    7c5b3625-4922-4296-b34b-5336b0ca2099: no brand_name or generic_name
    cb92989a-98b5-46d3-82e8-cbedde97d667: no brand_name or generic_name
    3d6a40a1-b103-4636-b143-6119ff16803a: no brand_name or generic_name
    6735d026-b782-4d2f-a333-6e0186c1567c: no brand_name or generic_name
    0013824B-6AEE-4DA4-AFFD-35BC6BF19D91: no brand_name or generic_name
    af1dad81-bf25-42c9-933f-e1aab296f738: no brand_name or generic_name
    ab5153c1-a823-4f23-bd98-e818db369e65: no brand_name or generic_name
    8f2b01b8-e712-4107-b824-e1f07faa2a41: no brand_name or generic_name
    0563acc8-bcbd-4b2c-a92e-e8b4fd53b929: no brand_name or generic_name

  DB verification: claim.count({ ingestedBy: 'openfda_labels_v1' }) = 85068
