
── Pipeline: Zimbabwe Legislation (zimbabwe_legislation_v1) ──
Mode: full

Fetching pages from https://zimlii.org/legislation…
(node:6815) [DEP0205] DeprecationWarning: `module.register()` is deprecated. Use `module.registerHooks()` instead.
(Use `node --trace-deprecation ...` to show where the warning was created)
  page 1: 51 rows (51 new)
  page 2: 66 rows (66 new)
  page 3: 60 rows (60 new)
  page 4: 56 rows (56 new)
  page 5: 108 rows (108 new)
  page 6: 56 rows (56 new)
  page 7: 52 rows (52 new)
  page 8: 54 rows (54 new)
  page 9: 10 rows (10 new)
  Total unique acts: 513
  Progress: 100/513 — ingested=100
  Progress: 200/513 — ingested=200
  Progress: 300/513 — ingested=300
  Progress: 400/513 — ingested=400
  Progress: 500/513 — ingested=500

Ingestion complete. Ingested: 513 | Skipped: 0 | Errors: 0
DB claims (zimbabwe_legislation_v1): 513
