
── Pipeline: Mauritius Legislation (mauritius_legislation_v1) ──
Mode: full

Fetching pages from https://mauritiuslii.org/legislation/…
(node:7281) [DEP0205] DeprecationWarning: `module.register()` is deprecated. Use `module.registerHooks()` instead.
(Use `node --trace-deprecation ...` to show where the warning was created)
  page 1: 50 rows (50 new)
  page 2: 50 rows (50 new)
  page 3: 51 rows (51 new)
  page 4: 50 rows (50 new)
  page 5: 50 rows (50 new)
  page 6: 50 rows (50 new)
  page 7: 50 rows (50 new)
  page 8: 50 rows (50 new)
  page 9: 41 rows (41 new)
  Total unique acts: 442
  Progress: 100/442 — ingested=100
  Progress: 200/442 — ingested=200
  Progress: 300/442 — ingested=300
  Progress: 400/442 — ingested=400

Ingestion complete. Ingested: 442 | Skipped: 0 | Errors: 0
DB claims (mauritius_legislation_v1): 442
