
── Pipeline: Ghana Legislation (ghana_legislation_v1) ──
Mode: full

Fetching pages from https://ghalii.org/legislation…
(node:6768) [DEP0205] DeprecationWarning: `module.register()` is deprecated. Use `module.registerHooks()` instead.
(Use `node --trace-deprecation ...` to show where the warning was created)
  page 1: 44 rows (44 new)
  page 2: 40 rows (40 new)
  page 3: 44 rows (44 new)
  page 4: 40 rows (40 new)
  page 5: 37 rows (37 new)
  page 6: 42 rows (42 new)
  page 7: 43 rows (43 new)
  page 8: 41 rows (41 new)
  page 9: 37 rows (37 new)
  page 10: 45 rows (45 new)
  Total unique acts: 413
  Progress: 100/413 — ingested=100
  Progress: 200/413 — ingested=200
  Progress: 300/413 — ingested=300
  Progress: 400/413 — ingested=400

Ingestion complete. Ingested: 413 | Skipped: 0 | Errors: 0
DB claims (ghana_legislation_v1): 413
