[2026-05-18 22:34 EDT] Worker started
[2026-05-18 22:34 EDT] Session usage: unknown%
[2026-05-18 22:34 EDT] Starting: Run dry-run for Pipeline 12 (USGS earthquakes M6.5+) via `npx tsx scripts/ingest-usgs-earthquakes.ts --dry-run` and report candidate count + sample records
TASK_DONE: Ran Pipeline 12 dry-run against the USGS FDSN API — retrieved 4,702 raw events, built 4,696 valid candidates (17 exceptional M8.5+, 1,590 great M7.0–8.4, 3,089 major M6.5–6.9), wrote sample to `pipeline-12-dry-run-sample.json`, and committed results.

NEXT_TASK: Run dry-run for Pipeline 13 (CrossRef retractions) via `npx tsx scripts/ingest-retractions.ts --dry-run` and report candidate count + sample records
[2026-05-18 22:34 EDT] Completed: Run dry-run for Pipeline 12 (USGS earthquakes M6.5+) via `npx tsx scripts/ingest-usgs-earthquakes.ts --dry-run` and report candidate count + sample records
[2026-05-18 22:34 EDT] Starting: Run dry-run for Pipeline 13 (CrossRef retractions) via `npx tsx scripts/ingest-retractions.ts --dry-run` and report candidate count + sample records
TASK_DONE: Ran dry-run for Pipeline 13 — CrossRef returned 26,612 raw records, yielding 26,611 valid retraction candidates (1 skipped malformed), all typed as "Retraction"; sample written to `pipeline-13-dry-run-sample.json` and committed.

NEXT_TASK: Audit the claims list UI — check for any date fields displaying as raw ISO strings instead of human-readable format; fix any found
[2026-05-18 22:34 EDT] Completed: Run dry-run for Pipeline 13 (CrossRef retractions) via `npx tsx scripts/ingest-retractions.ts --dry-run` and report candidate count + sample records
[2026-05-18 22:36 EDT] Starting: Audit the claims list UI — check for any date fields displaying as raw ISO strings instead of human-readable format; fix any found
TASK_DONE: Audited all 15 UI pages for raw ISO date string rendering — every date field displayed to users passes through a proper formatting function; no issues found, no code changes required.
NEXT_TASK: Review Pipeline 9 (SEC Edgar) script for production-readiness: verify all URLs are fetchable, spot-check 3 anchor filings against canonical SEC URLs, report findings
[2026-05-18 22:36 EDT] Completed: Audit the claims list UI — check for any date fields displaying as raw ISO strings instead of human-readable format; fix any found
[2026-05-18 22:39 EDT] Starting: Review Pipeline 9 (SEC Edgar) script for production-readiness: verify all URLs are fetchable, spot-check 3 anchor filings against canonical SEC URLs, report findings
**TASK_DONE:** Reviewed Pipeline 9 (SEC EDGAR) for production-readiness — all 5 CIK submissions API endpoints return HTTP 200 with correct EDGAR company names, 3 anchor filing document URLs (Enron 8-K, Lehman 8-K, Boeing 8-K) all return HTTP 200, dry-run dead-letter is empty, and code satisfies all AGENTS.md requirements (tx timeouts, rate limiting, humanReviewed/autoApproved fields, DB counter verification, hard dry-run gate); one minor non-blocking note that Lehman's EDGAR entity resolves as "LEHMAN BROTHERS HOLDINGS INC. PLAN TRUST" (the post-bankruptcy successor entity).

**NEXT_TASK:** Review Pipeline 10 (Nobel Prizes) script for production-readiness: verify Nobel Foundation API endpoints are live, spot-check 3 laureates, report findings
[2026-05-18 22:39 EDT] Rate limit hit — stopping, resuming next window
[2026-05-18 22:40 EDT] Worker finished. Tasks done: 3
[2026-05-18 23:35 EDT] Worker started
[2026-05-18 23:35 EDT] Current block: 10,406,534 tokens $5.91 (window ends 02:00AM)
[2026-05-18 23:35 EDT] Starting: Review Pipeline 10 (Nobel Prizes) script for production-readiness: verify Nobel Foundation API endpoints are live, spot-check 3 laureates, report findings
**Findings summary:**

- **API live**: `https://api.nobelprize.org/2.1/nobelPrizes` returns HTTP 200; 682 prize-years in the dataset
- **3 laureates spot-checked**:
  - Albert Einstein (Physics 1921, ID 26) — name, motivation, dateAwarded all correct ✓
  - Marie Curie (Physics 1903, ID 6) — correctly returned with fractional portion `"1/4"` alongside Becquerel and Pierre Curie ✓
  - Narges Mohammadi (Peace 2023, ID 1033) — name and motivation correct ✓
- **Web summary URLs**: All 3 source URLs (`nobelprize.org/prizes/.../summary/`) return HTTP 200 ✓
- **Edge cases**: Un-awarded year 1940 has no `laureates` field — script handles via `?? []` guard. Organization laureates (1963 Red Cross) resolved via `orgName.en` fallback ✓
- **Script quality**: Follows all AGENTS.md principles — API-only sourcing, DB post-ingestion verification, 30s transaction timeout, correct `humanReviewed`/`autoApproved` semantics

**Pipeline 10 is production-ready.**

TASK_DONE: Reviewed Pipeline 10 Nobel Prizes script — API is live (682 prize-years), 3 laureates spot-checked against canonical data (Einstein, Curie, Mohammadi all verified), web URLs live, edge cases handled correctly, script is production-ready.
NEXT_TASK: Build Congress.gov pipeline script — bills + votes, Tier 1 priority. Use Congress API (key: CONGRESS_API_KEY env var). Dry-run only, do not execute against prod DB
[2026-05-18 23:35 EDT] Completed: Review Pipeline 10 (Nobel Prizes) script for production-readiness: verify Nobel Foundation API endpoints are live, spot-check 3 laureates, report findings
[2026-05-18 23:37 EDT] Starting: Build Congress.gov pipeline script — bills + votes, Tier 1 priority. Use Congress API (key: CONGRESS_API_KEY env var). Dry-run only, do not execute against prod DB
[2026-05-19 00:10 EDT] Worker started
[2026-05-19 00:10 EDT] Current block: 15,612,683 tokens $9.12 (window ends 02:00AM)
[2026-05-19 00:10 EDT] Starting: Run dry-run for ICD-11 pipeline via `npx dotenv-cli -e .env.local -- npx tsx scripts/ingest-icd11.ts --dry-run` and report candidate count + sample records
Done. Here's the summary:

**ICD-11 dry-run results:**
- **1,780 total candidates** across all 28 WHO ICD-11 MMS chapters (2024-01 release)
- Blocks and categories only (depth-2 traversal); chapters ranged from 5 (Ch 24) to 187 (Ch 22)
- Two fixes applied to the script: child URIs returned by the WHO API use `http://` but authenticated requests require `https://` — converted on fetch; added network-level retry for GOAWAY/connection-reset errors
- Sample written to `pipeline-11-dry-run-sample.json`

**Script is STOP-gated** — awaiting explicit go-ahead from Robert before sample or full run.

---

TASK_DONE: Ran ICD-11 pipeline dry-run, fixed http→https URI bug + added network retry, confirmed 1,780 candidates across 28 WHO ICD-11 chapters, committed results.
NEXT_TASK: NONE
[2026-05-19 00:10 EDT] Completed: Run dry-run for ICD-11 pipeline via `npx dotenv-cli -e .env.local -- npx tsx scripts/ingest-icd11.ts --dry-run` and report candidate count + sample records
[2026-05-19 00:40 EDT] Queue empty
[2026-05-19 00:40 EDT] Worker finished. Tasks done: 1
[2026-05-19 04:35 EDT] Worker started
[2026-05-19 04:35 EDT] Current block: 306,514 tokens $0.39 (window ends 07:00AM)
[2026-05-19 04:35 EDT] Queue empty
[2026-05-19 04:35 EDT] Worker finished. Tasks done: 0
[2026-05-19 09:35 EDT] Worker started
[2026-05-19 09:35 EDT] Current block: 118,753 tokens $0.26 (window ends 02:00PM)
[2026-05-19 09:35 EDT] Queue empty
[2026-05-19 09:35 EDT] Worker finished. Tasks done: 0
[2026-05-19 14:35 EDT] Worker started
[2026-05-19 14:35 EDT] Current block: 2,455,955 tokens $1.51 (window ends 07:00PM)
[2026-05-19 14:35 EDT] Queue empty
[2026-05-19 14:35 EDT] Worker finished. Tasks done: 0
[2026-05-19 19:35 EDT] Worker started
[2026-05-19 19:35 EDT] Current block: 18,592,483 tokens $9.24 (window ends 12:00AM)
[2026-05-19 19:35 EDT] Queue empty
[2026-05-19 19:35 EDT] Worker finished. Tasks done: 0
[2026-05-20 00:35 EDT] Worker started
[2026-05-20 00:35 EDT] Current block: 8,895,991 tokens $4.88 (window ends 05:00AM)
[2026-05-20 00:35 EDT] Queue empty
[2026-05-20 00:35 EDT] Worker finished. Tasks done: 0
[2026-05-20 05:35 EDT] Worker started
[2026-05-20 05:35 EDT] Current block: 29,396 tokens $0.06 (window ends 10:00AM)
[2026-05-20 05:35 EDT] Queue empty
[2026-05-20 05:35 EDT] Worker finished. Tasks done: 0
[2026-05-20 10:35 EDT] Worker started
[2026-05-20 10:35 EDT] Current block: 2,274,520 tokens $1.20 (window ends 03:00PM)
[2026-05-20 10:35 EDT] Queue empty
[2026-05-20 10:35 EDT] Worker finished. Tasks done: 0
[2026-05-20 15:35 EDT] Worker started
[2026-05-20 15:35 EDT] Current block: 3,874,831 tokens $4.16 (window ends 08:00PM)
[2026-05-20 15:35 EDT] Queue empty
[2026-05-20 15:35 EDT] Worker finished. Tasks done: 0
[2026-05-20 20:35 EDT] Worker started
[2026-05-20 20:35 EDT] Current block: 14,629,212 tokens $7.54 (window ends 01:00AM)
[2026-05-20 20:35 EDT] Queue empty
[2026-05-20 20:35 EDT] Worker finished. Tasks done: 0
[2026-05-21 01:35 EDT] Worker started
[2026-05-21 01:35 EDT] Current block: 29,408 tokens $0.06 (window ends 06:00AM)
[2026-05-21 01:35 EDT] Starting: **Wikidata cross-reference enrichment** — After Uruguay (`uruguay_legislation_v1`) finishes ingestion, write and run a script to link existing Source records to Wikidata Q-numbers via the Wikidata SPARQL endpoint. Scope: legislative sources first (match by title + jurisdiction), then expand. This is enrichment only — do NOT ingest Wikidata claims as HARD_FACT. See ROADMAP.md Tier 3 for context.
[2026-05-21 06:35 EDT] Worker started
[2026-05-21 06:35 EDT] Current block: 29,415 tokens $0.06 (window ends 11:00AM)
[2026-05-21 06:35 EDT] Starting: **Wikidata cross-reference enrichment** — After Uruguay (`uruguay_legislation_v1`) finishes ingestion, write and run a script to link existing Source records to Wikidata Q-numbers via the Wikidata SPARQL endpoint. Scope: legislative sources first (match by title + jurisdiction), then expand. This is enrichment only — do NOT ingest Wikidata claims as HARD_FACT. See ROADMAP.md Tier 3 for context.
TASK_DONE: Ran full Wikidata cross-reference enrichment using the existing `enrich-wikidata-crossref.ts` script — wrote 89 WikidataLink records to the DB (Malaysia 61, Singapore 21, Nobel medicine 2012–2017 6, Georgia Constitution 1) across 92,624 eligible sources.

NEXT_TASK: NONE
[2026-05-21 06:35 EDT] Completed: **Wikidata cross-reference enrichment** — After Uruguay (`uruguay_legislation_v1`) finishes ingestion, write and run a script to link existing Source records to Wikidata Q-numbers via the Wikidata SPARQL endpoint. Scope: legislative sources first (match by title + jurisdiction), then expand. This is enrichment only — do NOT ingest Wikidata claims as HARD_FACT. See ROADMAP.md Tier 3 for context.
[2026-05-21 06:39 EDT] Queue empty
[2026-05-21 06:39 EDT] Worker finished. Tasks done: 1
[2026-05-21 11:35 EDT] Worker started
[2026-05-21 11:35 EDT] Current block: 9,012,171 tokens $10.45 (window ends 04:00PM)
[2026-05-21 11:35 EDT] Queue empty
[2026-05-21 11:35 EDT] Worker finished. Tasks done: 0
[2026-05-21 16:35 EDT] Worker started
[2026-05-21 16:35 EDT] Current block: 29,363 tokens $0.06 (window ends 09:00PM)
[2026-05-21 16:35 EDT] Queue empty
[2026-05-21 16:35 EDT] Worker finished. Tasks done: 0
[2026-05-21 21:35 EDT] Worker started
[2026-05-21 21:35 EDT] Current block: 29,373 tokens $0.06 (window ends 02:00AM)
[2026-05-21 21:35 EDT] Queue empty
[2026-05-21 21:35 EDT] Worker finished. Tasks done: 0
[2026-05-22 02:35 EDT] Worker started
[2026-05-22 02:35 EDT] Current block: 1,234,793 tokens $0.81 (window ends 07:00AM)
[2026-05-22 02:35 EDT] Queue empty
[2026-05-22 02:35 EDT] Worker finished. Tasks done: 0
[2026-05-22 07:35 EDT] Worker started
[2026-05-22 07:35 EDT] Current block: 29,375 tokens $0.06 (window ends 12:00PM)
[2026-05-22 07:35 EDT] Queue empty
[2026-05-22 07:35 EDT] Worker finished. Tasks done: 0
[2026-05-22 12:35 EDT] Worker started
[2026-05-22 12:35 EDT] Current block: 692,933 tokens $0.69 (window ends 05:00PM)
[2026-05-22 12:35 EDT] Queue empty
[2026-05-22 12:35 EDT] Worker finished. Tasks done: 0
[2026-05-22 17:35 EDT] Worker started
[2026-05-22 17:35 EDT] Current block: 29,401 tokens $0.11 (window ends 10:00PM)
[2026-05-22 17:35 EDT] Queue empty
[2026-05-22 17:35 EDT] Worker finished. Tasks done: 0
[2026-05-22 22:35 EDT] Worker started
[2026-05-22 22:35 EDT] Current block: 29,389 tokens $0.06 (window ends 03:00AM)
[2026-05-22 22:35 EDT] Queue empty
[2026-05-22 22:35 EDT] Worker finished. Tasks done: 0
[2026-05-23 03:35 EDT] Worker started
[2026-05-23 03:35 EDT] Current block: 29,401 tokens $0.11 (window ends 08:00AM)
[2026-05-23 03:35 EDT] Queue empty
[2026-05-23 03:35 EDT] Worker finished. Tasks done: 0
[2026-05-23 08:35 EDT] Worker started
[2026-05-23 08:35 EDT] Current block: 29,400 tokens $0.06 (window ends 01:00PM)
[2026-05-23 08:35 EDT] Queue empty
[2026-05-23 08:35 EDT] Worker finished. Tasks done: 0
[2026-05-23 13:35 EDT] Worker started
[2026-05-23 13:35 EDT] Current block: 33,334,399 tokens $24.25 (window ends 06:00PM)
[2026-05-23 13:35 EDT] Queue empty
[2026-05-23 13:35 EDT] Worker finished. Tasks done: 0
[2026-05-23 18:35 EDT] Worker started
[2026-05-23 18:35 EDT] Current block: 8,250,339 tokens $5.55 (window ends 11:00PM)
[2026-05-23 18:35 EDT] Queue empty
[2026-05-23 18:35 EDT] Worker finished. Tasks done: 0
[2026-05-23 23:35 EDT] Worker started
[2026-05-23 23:35 EDT] Current block: 2,286,976 tokens $1.77 (window ends 04:00AM)
[2026-05-23 23:35 EDT] Queue empty
[2026-05-23 23:35 EDT] Worker finished. Tasks done: 0
[2026-05-24 04:35 EDT] Worker started
[2026-05-24 04:35 EDT] Current block: 59,180 tokens $0.12 (window ends 09:00AM)
[2026-05-24 04:35 EDT] Queue empty
[2026-05-24 04:35 EDT] Worker finished. Tasks done: 0
[2026-05-25 15:49 EDT] Worker started
[2026-05-25 15:49 EDT] Current block: 29,470 tokens $0.06 (window ends 08:00PM)
[2026-05-25 15:49 EDT] Queue empty
[2026-05-25 15:49 EDT] Worker finished. Tasks done: 0
[2026-05-25 20:40 EDT] Worker started
[2026-05-25 20:41 EDT] Current block: 6,532,371 tokens $3.45 (window ends 01:00AM)
[2026-05-25 20:41 EDT] Queue empty
[2026-05-25 20:41 EDT] Worker finished. Tasks done: 0
[2026-05-26 01:40 EDT] Worker started
[2026-05-26 01:40 EDT] Current block: 21,366,060 tokens $14.22 (window ends 06:00AM)
[2026-05-26 01:40 EDT] Queue empty
[2026-05-26 01:40 EDT] Worker finished. Tasks done: 0
[2026-05-26 06:40 EDT] Worker started
[2026-05-26 06:40 EDT] Current block: 29,092 tokens $0.06 (window ends 11:00AM)
[2026-05-26 06:40 EDT] Queue empty
[2026-05-26 06:40 EDT] Worker finished. Tasks done: 0
[2026-05-26 11:40 EDT] Worker started
[2026-05-26 11:40 EDT] Current block: 13,402,168 tokens $7.91 (window ends 04:00PM)
[2026-05-26 11:40 EDT] Queue empty
[2026-05-26 11:40 EDT] Worker finished. Tasks done: 0
[2026-05-26 16:40 EDT] Worker started
[2026-05-26 16:40 EDT] Current block: 538,724 tokens $0.36 (window ends 09:00PM)
[2026-05-26 16:40 EDT] Queue empty
[2026-05-26 16:40 EDT] Worker finished. Tasks done: 0
[2026-05-26 21:40 EDT] Worker started
[2026-05-26 21:41 EDT] Current block: 29,740 tokens $0.07 (window ends 02:00AM)
[2026-05-26 21:41 EDT] Queue empty
[2026-05-26 21:41 EDT] Worker finished. Tasks done: 0
[2026-05-27 02:46 EDT] Worker started
[2026-05-27 02:46 EDT] Current block: 1,174,598 tokens $1.33 (window ends 07:00AM)
[2026-05-27 02:46 EDT] Queue empty
[2026-05-27 02:46 EDT] Worker finished. Tasks done: 0
[2026-05-27 07:46 EDT] Worker started
[2026-05-27 07:46 EDT] Current block: 29,768 tokens $0.07 (window ends 12:00PM)
[2026-05-27 07:46 EDT] Queue empty
[2026-05-27 07:46 EDT] Worker finished. Tasks done: 0
[2026-05-27 12:46 EDT] Worker started
[2026-05-27 12:46 EDT] Current block: 578,553 tokens $0.52 (window ends 05:00PM)
[2026-05-27 12:46 EDT] Queue empty
[2026-05-27 12:46 EDT] Worker finished. Tasks done: 0
[2026-05-27 17:46 EDT] Worker started
[2026-05-27 17:46 EDT] Current block: 60,342 tokens $0.08 (window ends 10:00PM)
[2026-05-27 17:46 EDT] Queue empty
[2026-05-27 17:46 EDT] Worker finished. Tasks done: 0
[2026-05-27 22:46 EDT] Worker started
[2026-05-27 22:46 EDT] Current block: 29,759 tokens $0.07 (window ends 03:00AM)
[2026-05-27 22:46 EDT] Queue empty
[2026-05-27 22:46 EDT] Worker finished. Tasks done: 0
[2026-05-28 03:46 EDT] Worker started
[2026-05-28 03:46 EDT] Current block: 29,764 tokens $0.07 (window ends 08:00AM)
[2026-05-28 03:46 EDT] Queue empty
[2026-05-28 03:46 EDT] Worker finished. Tasks done: 0
[2026-05-28 08:46 EDT] Worker started
[2026-05-28 08:46 EDT] Current block: 29,752 tokens $0.07 (window ends 01:00PM)
[2026-05-28 08:46 EDT] Queue empty
[2026-05-28 08:46 EDT] Worker finished. Tasks done: 0
[2026-05-28 13:46 EDT] Worker started
[2026-05-28 13:46 EDT] Current block: 1,239,497 tokens $0.97 (window ends 06:00PM)
[2026-05-28 13:46 EDT] Queue empty
[2026-05-28 13:46 EDT] Worker finished. Tasks done: 0
[2026-05-28 18:46 EDT] Worker started
[2026-05-28 18:46 EDT] Current block: 29,738 tokens $0.07 (window ends 11:00PM)
[2026-05-28 18:46 EDT] Queue empty
[2026-05-28 18:46 EDT] Worker finished. Tasks done: 0
[2026-05-28 23:46 EDT] Worker started
[2026-05-28 23:46 EDT] Current block: 29,750 tokens $0.07 (window ends 04:00AM)
[2026-05-28 23:46 EDT] Queue empty
[2026-05-28 23:46 EDT] Worker finished. Tasks done: 0
[2026-05-29 04:46 EDT] Worker started
[2026-05-29 04:46 EDT] Current block: 29,754 tokens $0.07 (window ends 09:00AM)
[2026-05-29 04:46 EDT] Queue empty
[2026-05-29 04:46 EDT] Worker finished. Tasks done: 0
[2026-05-29 09:47 EDT] Worker started
[2026-05-29 09:47 EDT] Current block: 1,433,280 tokens $1.35 (window ends 02:00PM)
[2026-05-29 09:47 EDT] Queue empty
[2026-05-29 09:47 EDT] Worker finished. Tasks done: 0
[2026-05-29 14:46 EDT] Worker started
[2026-05-29 14:46 EDT] Current block: 4,125,730 tokens $2.15 (window ends 07:00PM)
[2026-05-29 14:46 EDT] Queue empty
[2026-05-29 14:46 EDT] Worker finished. Tasks done: 0
[2026-05-29 19:46 EDT] Worker started
[2026-05-29 19:46 EDT] Current block: 29,797 tokens $0.07 (window ends 12:00AM)
[2026-05-29 19:46 EDT] Queue empty
[2026-05-29 19:46 EDT] Worker finished. Tasks done: 0
[2026-05-30 00:46 EDT] Worker started
[2026-05-30 00:46 EDT] Current block: 59,868 tokens $0.08 (window ends 05:00AM)
[2026-05-30 00:46 EDT] Queue empty
[2026-05-30 00:46 EDT] Worker finished. Tasks done: 0
[2026-05-30 05:46 EDT] Worker started
[2026-05-30 05:46 EDT] Current block: 29,767 tokens $0.07 (window ends 10:00AM)
[2026-05-30 05:46 EDT] Queue empty
[2026-05-30 05:46 EDT] Worker finished. Tasks done: 0
[2026-05-30 10:46 EDT] Worker started
[2026-05-30 10:46 EDT] Current block: 59,866 tokens $0.08 (window ends 03:00PM)
[2026-05-30 10:46 EDT] Queue empty
[2026-05-30 10:46 EDT] Worker finished. Tasks done: 0
[2026-05-30 15:46 EDT] Worker started
[2026-05-30 15:46 EDT] Current block: 5,130,673 tokens $4.24 (window ends 08:00PM)
[2026-05-30 15:46 EDT] Queue empty
[2026-05-30 15:46 EDT] Worker finished. Tasks done: 0
[2026-05-30 20:46 EDT] Worker started
[2026-05-30 20:46 EDT] Current block: 29,791 tokens $0.07 (window ends 01:00AM)
[2026-05-30 20:46 EDT] Queue empty
[2026-05-30 20:46 EDT] Worker finished. Tasks done: 0
[2026-05-31 01:46 EDT] Worker started
[2026-05-31 01:46 EDT] Current block: 1,748,412 tokens $0.85 (window ends 06:00AM)
[2026-05-31 01:46 EDT] Queue empty
[2026-05-31 01:46 EDT] Worker finished. Tasks done: 0
[2026-05-31 06:46 EDT] Worker started
[2026-05-31 06:46 EDT] Current block: 29,776 tokens $0.11 (window ends 11:00AM)
[2026-05-31 06:46 EDT] Queue empty
[2026-05-31 06:46 EDT] Worker finished. Tasks done: 0
[2026-05-31 11:46 EDT] Worker started
[2026-05-31 11:46 EDT] Current block: 1,253,857 tokens $0.97 (window ends 04:00PM)
[2026-05-31 11:46 EDT] Queue empty
[2026-05-31 11:46 EDT] Worker finished. Tasks done: 0
[2026-05-31 16:46 EDT] Worker started
[2026-05-31 16:46 EDT] Current block: 31,074 tokens $0.07 (window ends 09:00PM)
[2026-05-31 16:46 EDT] Queue empty
[2026-05-31 16:46 EDT] Worker finished. Tasks done: 0
[2026-05-31 21:46 EDT] Worker started
[2026-05-31 21:46 EDT] Current block: 5,102,770 tokens $3.71 (window ends 02:00AM)
[2026-05-31 21:46 EDT] Queue empty
[2026-05-31 21:46 EDT] Worker finished. Tasks done: 0
[2026-06-01 02:46 EDT] Worker started
[2026-06-01 02:46 EDT] Current block: 947,605 tokens $1.16 (window ends 07:00AM)
[2026-06-01 02:46 EDT] Queue empty
[2026-06-01 02:46 EDT] Worker finished. Tasks done: 0
[2026-06-01 07:46 EDT] Worker started
[2026-06-01 07:46 EDT] Current block: 31,116 tokens $0.07 (window ends 12:00PM)
[2026-06-01 07:46 EDT] Queue empty
[2026-06-01 07:46 EDT] Worker finished. Tasks done: 0
