
── Enrich Member Votes ─────────────────────────────────────────────────
Mode: full | Limit: all
(node:92656) [DEP0205] DeprecationWarning: `module.register()` is deprecated. Use `module.registerHooks()` instead.
(Use `node --trace-deprecation ...` to show where the warning was created)
Found 505 congress_votes_v1 LegislativeVote records
Loaded 505 congress_votes_v1 claims (230 unique bill keys)
  [failed] 118_s_619 roll 143: Congress API 404 at https://api.congress.gov/v3/vote/118/house/1/143?api_key=REDACTED&format=json
  [failed] 118_hjres_7 roll 80: Congress API 404 at https://api.congress.gov/v3/vote/118/senate/1/80?api_key=REDACTED&format=json
  [failed] 118_hjres_7 roll 104: Congress API 404 at https://api.congress.gov/v3/vote/118/house/1/104?api_key=REDACTED&format=json
  [failed] 118_hr_82 roll 338: Congress API 404 at https://api.congress.gov/v3/vote/118/senate/2/338?api_key=REDACTED&format=json
  [failed] 118_hr_82 roll 338: Congress API 404 at https://api.congress.gov/v3/vote/118/senate/2/338?api_key=REDACTED&format=json
  [failed] 118_hr_5009 roll 324: Congress API 404 at https://api.congress.gov/v3/vote/118/senate/2/324?api_key=REDACTED&format=json
  [failed] 118_hr_8932 roll 465: Congress API 404 at https://api.congress.gov/v3/vote/118/house/2/465?api_key=REDACTED&format=json
  [failed] 118_hr_815 roll 152: Congress API 404 at https://api.congress.gov/v3/vote/118/senate/2/152?api_key=REDACTED&format=json
  [failed] 118_hr_815 roll 152: Congress API 404 at https://api.congress.gov/v3/vote/118/senate/2/152?api_key=REDACTED&format=json
  [failed] 118_hr_815 roll 152: Congress API 404 at https://api.congress.gov/v3/vote/118/senate/2/152?api_key=REDACTED&format=json
  [failed] 118_hr_815 roll 152: Congress API 404 at https://api.congress.gov/v3/vote/118/senate/2/152?api_key=REDACTED&format=json
  [failed] 118_hr_815 roll 152: Congress API 404 at https://api.congress.gov/v3/vote/118/senate/1/152?api_key=REDACTED&format=json
  [failed] 118_hr_7888 roll 150: Congress API 404 at https://api.congress.gov/v3/vote/118/senate/2/150?api_key=REDACTED&format=json
  [failed] 118_hr_7888 roll 150: Congress API 404 at https://api.congress.gov/v3/vote/118/senate/2/150?api_key=REDACTED&format=json
  [failed] 118_hr_7888 roll 119: Congress API 404 at https://api.congress.gov/v3/vote/118/house/2/119?api_key=REDACTED&format=json
  [failed] 118_hr_4366 roll 79: Congress API 404 at https://api.congress.gov/v3/vote/118/senate/2/79?api_key=REDACTED&format=json
  [failed] 118_hr_4366 roll 79: Congress API 404 at https://api.congress.gov/v3/vote/118/senate/1/79?api_key=REDACTED&format=json
  [failed] 118_hr_4366 roll 79: Congress API 404 at https://api.congress.gov/v3/vote/118/senate/1/79?api_key=REDACTED&format=json
  [failed] 118_hr_4366 roll 380: Congress API 404 at https://api.congress.gov/v3/vote/118/house/1/380?api_key=REDACTED&format=json
  [failed] 118_hr_7463 roll 67: Congress API 404 at https://api.congress.gov/v3/vote/118/senate/2/67?api_key=REDACTED&format=json
  [failed] 118_hr_6363 roll 312: Congress API 404 at https://api.congress.gov/v3/vote/118/senate/1/312?api_key=REDACTED&format=json
  [failed] 118_hr_2872 roll 12: Congress API 404 at https://api.congress.gov/v3/vote/118/senate/2/12?api_key=REDACTED&format=json
  [failed] 118_hr_2872 roll 12: Congress API 404 at https://api.congress.gov/v3/vote/118/senate/2/12?api_key=REDACTED&format=json
  [failed] 118_hr_2670 roll 341: Congress API 404 at https://api.congress.gov/v3/vote/118/senate/1/341?api_key=REDACTED&format=json
  [failed] 118_hr_3746 roll 146: Congress API 404 at https://api.congress.gov/v3/vote/118/senate/1/146?api_key=REDACTED&format=json
  [failed] 118_hr_3746 roll 243: Congress API 404 at https://api.congress.gov/v3/vote/118/house/1/243?api_key=REDACTED&format=json
  [failed] 118_hjres_26 roll 49: Congress API 404 at https://api.congress.gov/v3/vote/118/senate/1/49?api_key=REDACTED&format=json
  [failed] 118_hjres_26 roll 119: Congress API 404 at https://api.congress.gov/v3/vote/118/house/1/119?api_key=REDACTED&format=json
  [failed] 119_sjres_13 roll 137: Congress API 404 at https://api.congress.gov/v3/vote/119/house/1/137?api_key=REDACTED&format=json
  [failed] 119_sjres_13 roll 237: Congress API 404 at https://api.congress.gov/v3/vote/119/senate/1/237?api_key=REDACTED&format=json
  [failed] 118_hr_10545 roll 339: Congress API 404 at https://api.congress.gov/v3/vote/118/senate/2/339?api_key=REDACTED&format=json
  [failed] 118_s_870 roll 94: Congress API 404 at https://api.congress.gov/v3/vote/118/senate/1/94?api_key=REDACTED&format=json
  [failed] 118_s_870 roll 94: Congress API 404 at https://api.congress.gov/v3/vote/118/senate/1/94?api_key=REDACTED&format=json
  [failed] 118_hr_3935 roll 240: Congress API 404 at https://api.congress.gov/v3/vote/118/senate/2/240?api_key=REDACTED&format=json
  [failed] 118_hr_3935 roll 240: Congress API 404 at https://api.congress.gov/v3/vote/118/senate/2/240?api_key=REDACTED&format=json
  [failed] 118_hr_3935 roll 240: Congress API 404 at https://api.congress.gov/v3/vote/118/senate/1/240?api_key=REDACTED&format=json
  [failed] 118_hr_3935 roll 364: Congress API 404 at https://api.congress.gov/v3/vote/118/house/1/364?api_key=REDACTED&format=json
  [failed] 118_hr_815 roll 152: Congress API 404 at https://api.congress.gov/v3/vote/118/senate/2/152?api_key=REDACTED&format=json
  [failed] 118_hr_2670 roll 328: Congress API 404 at https://api.congress.gov/v3/vote/118/house/1/328?api_key=REDACTED&format=json
  [failed] 119_hr_7147 roll 74: Congress API 404 at https://api.congress.gov/v3/vote/119/senate/2/74?api_key=REDACTED&format=json
  [failed] 119_hr_7147 roll 74: Congress API 404 at https://api.congress.gov/v3/vote/119/senate/2/74?api_key=REDACTED&format=json
  [failed] 119_hr_7147 roll 74: Congress API 404 at https://api.congress.gov/v3/vote/119/senate/2/74?api_key=REDACTED&format=json
  [failed] 119_hr_7147 roll 74: Congress API 404 at https://api.congress.gov/v3/vote/119/senate/2/74?api_key=REDACTED&format=json
  [failed] 119_hr_7147 roll 74: Congress API 404 at https://api.congress.gov/v3/vote/119/senate/2/74?api_key=REDACTED&format=json
  [failed] 119_hr_7147 roll 74: Congress API 404 at https://api.congress.gov/v3/vote/119/senate/2/74?api_key=REDACTED&format=json
  [failed] 119_hr_7147 roll 74: Congress API 404 at https://api.congress.gov/v3/vote/119/senate/2/74?api_key=REDACTED&format=json
  [failed] 119_hr_7147 roll 42: Congress API 404 at https://api.congress.gov/v3/vote/119/house/2/42?api_key=REDACTED&format=json
  [failed] 119_hjres_140 roll 84: Congress API 404 at https://api.congress.gov/v3/vote/119/senate/2/84?api_key=REDACTED&format=json
  [failed] 119_hjres_140 roll 38: Congress API 404 at https://api.congress.gov/v3/vote/119/house/2/38?api_key=REDACTED&format=json
  [failed] 119_hr_2483 roll 151: Congress API 404 at https://api.congress.gov/v3/vote/119/house/1/151?api_key=REDACTED&format=json
  [failed] 119_hjres_142 roll 37: Congress API 404 at https://api.congress.gov/v3/vote/119/senate/2/37?api_key=REDACTED&format=json
  [failed] 119_hjres_142 roll 56: Congress API 404 at https://api.congress.gov/v3/vote/119/house/2/56?api_key=REDACTED&format=json
  [failed] 119_hr_7148 roll 20: Congress API 404 at https://api.congress.gov/v3/vote/119/senate/2/20?api_key=REDACTED&format=json
  [failed] 119_hr_7148 roll 20: Congress API 404 at https://api.congress.gov/v3/vote/119/senate/2/20?api_key=REDACTED&format=json
  [failed] 119_hr_7148 roll 45: Congress API 404 at https://api.congress.gov/v3/vote/119/house/2/45?api_key=REDACTED&format=json
  [failed] 119_hr_6938 roll 11: Congress API 404 at https://api.congress.gov/v3/vote/119/senate/2/11?api_key=REDACTED&format=json
  [failed] 119_hr_6938 roll 11: Congress API 404 at https://api.congress.gov/v3/vote/119/senate/2/11?api_key=REDACTED&format=json
  [failed] 119_hr_6938 roll 11: Congress API 404 at https://api.congress.gov/v3/vote/119/senate/2/11?api_key=REDACTED&format=json
  [failed] 119_hr_6938 roll 7: Congress API 404 at https://api.congress.gov/v3/vote/119/house/2/7?api_key=REDACTED&format=json
  [failed] 119_s_1071 roll 647: Congress API 404 at https://api.congress.gov/v3/vote/119/senate/1/647?api_key=REDACTED&format=json
  [failed] 119_s_1071 roll 320: Congress API 404 at https://api.congress.gov/v3/vote/119/house/1/320?api_key=REDACTED&format=json
  [failed] 119_hjres_131 roll 632: Congress API 404 at https://api.congress.gov/v3/vote/119/senate/1/632?api_key=REDACTED&format=json
  [failed] 119_hjres_131 roll 295: Congress API 404 at https://api.congress.gov/v3/vote/119/house/1/295?api_key=REDACTED&format=json
  [failed] 119_hjres_130 roll 623: Congress API 404 at https://api.congress.gov/v3/vote/119/senate/1/623?api_key=REDACTED&format=json
  [failed] 119_hjres_130 roll 294: Congress API 404 at https://api.congress.gov/v3/vote/119/house/1/294?api_key=REDACTED&format=json
  [failed] 119_hjres_106 roll 560: Congress API 404 at https://api.congress.gov/v3/vote/119/senate/1/560?api_key=REDACTED&format=json
  [failed] 119_hjres_106 roll 225: Congress API 404 at https://api.congress.gov/v3/vote/119/house/1/225?api_key=REDACTED&format=json
  [failed] 119_hjres_105 roll 556: Congress API 404 at https://api.congress.gov/v3/vote/119/senate/1/556?api_key=REDACTED&format=json
  [failed] 119_hjres_105 roll 226: Congress API 404 at https://api.congress.gov/v3/vote/119/house/1/226?api_key=REDACTED&format=json
  [failed] 119_hjres_104 roll 549: Congress API 404 at https://api.congress.gov/v3/vote/119/senate/1/549?api_key=REDACTED&format=json
  [failed] 119_hjres_104 roll 224: Congress API 404 at https://api.congress.gov/v3/vote/119/house/1/224?api_key=REDACTED&format=json
  [failed] 119_sjres_80 roll 296: Congress API 404 at https://api.congress.gov/v3/vote/119/house/1/296?api_key=REDACTED&format=json
  [failed] 119_sjres_80 roll 599: Congress API 404 at https://api.congress.gov/v3/vote/119/senate/1/599?api_key=REDACTED&format=json
  [failed] 119_s_1582 roll 200: Congress API 404 at https://api.congress.gov/v3/vote/119/house/1/200?api_key=REDACTED&format=json
  [failed] 119_s_1582 roll 318: Congress API 404 at https://api.congress.gov/v3/vote/119/senate/1/318?api_key=REDACTED&format=json
  [failed] 119_s_1582 roll 318: Congress API 404 at https://api.congress.gov/v3/vote/119/senate/1/318?api_key=REDACTED&format=json
  [failed] 119_s_1582 roll 318: Congress API 404 at https://api.congress.gov/v3/vote/119/senate/1/318?api_key=REDACTED&format=json
  [failed] 119_s_1582 roll 318: Congress API 404 at https://api.congress.gov/v3/vote/119/senate/1/318?api_key=REDACTED&format=json
  [failed] 119_hr_5371 roll 618: Congress API 404 at https://api.congress.gov/v3/vote/119/senate/1/618?api_key=REDACTED&format=json
  [failed] 119_hr_5371 roll 618: Congress API 404 at https://api.congress.gov/v3/vote/119/senate/1/618?api_key=REDACTED&format=json
  [failed] 119_hr_5371 roll 618: Congress API 404 at https://api.congress.gov/v3/vote/119/senate/1/618?api_key=REDACTED&format=json
  [failed] 119_hr_5371 roll 618: Congress API 404 at https://api.congress.gov/v3/vote/119/senate/1/618?api_key=REDACTED&format=json
  [failed] 119_hr_5371 roll 618: Congress API 404 at https://api.congress.gov/v3/vote/119/senate/1/618?api_key=REDACTED&format=json
  [failed] 119_hr_5371 roll 618: Congress API 404 at https://api.congress.gov/v3/vote/119/senate/1/618?api_key=REDACTED&format=json
  [failed] 119_hr_5371 roll 618: Congress API 404 at https://api.congress.gov/v3/vote/119/senate/1/618?api_key=REDACTED&format=json
  [failed] 119_hr_5371 roll 618: Congress API 404 at https://api.congress.gov/v3/vote/119/senate/1/618?api_key=REDACTED&format=json
  [failed] 119_hr_5371 roll 618: Congress API 404 at https://api.congress.gov/v3/vote/119/senate/1/618?api_key=REDACTED&format=json
  [failed] 119_hr_5371 roll 618: Congress API 404 at https://api.congress.gov/v3/vote/119/senate/1/618?api_key=REDACTED&format=json
  [failed] 119_hr_5371 roll 618: Congress API 404 at https://api.congress.gov/v3/vote/119/senate/1/618?api_key=REDACTED&format=json
  [failed] 119_hr_5371 roll 618: Congress API 404 at https://api.congress.gov/v3/vote/119/senate/1/618?api_key=REDACTED&format=json
  [failed] 119_hr_5371 roll 618: Congress API 404 at https://api.congress.gov/v3/vote/119/senate/1/618?api_key=REDACTED&format=json
  [failed] 119_hr_5371 roll 618: Congress API 404 at https://api.congress.gov/v3/vote/119/senate/1/618?api_key=REDACTED&format=json
  [failed] 119_hr_5371 roll 618: Congress API 404 at https://api.congress.gov/v3/vote/119/senate/1/618?api_key=REDACTED&format=json
  [failed] 119_hr_5371 roll 618: Congress API 404 at https://api.congress.gov/v3/vote/119/senate/1/618?api_key=REDACTED&format=json
  [failed] 119_hr_5371 roll 618: Congress API 404 at https://api.congress.gov/v3/vote/119/senate/1/618?api_key=REDACTED&format=json
  [failed] 119_hr_5371 roll 281: Congress API 404 at https://api.congress.gov/v3/vote/119/house/1/281?api_key=REDACTED&format=json
  [failed] 119_sjres_18 roll 96: Congress API 404 at https://api.congress.gov/v3/vote/119/house/1/96?api_key=REDACTED&format=json
  [failed] 119_sjres_18 roll 153: Congress API 404 at https://api.congress.gov/v3/vote/119/senate/1/153?api_key=REDACTED&format=json
  [failed] 119_s_331 roll 166: Congress API 404 at https://api.congress.gov/v3/vote/119/house/1/166?api_key=REDACTED&format=json
  [failed] 119_s_331 roll 127: Congress API 404 at https://api.congress.gov/v3/vote/119/senate/1/127?api_key=REDACTED&format=json
  [failed] 119_s_331 roll 127: Congress API 404 at https://api.congress.gov/v3/vote/119/senate/1/127?api_key=REDACTED&format=json
  [failed] 119_s_331 roll 127: Congress API 404 at https://api.congress.gov/v3/vote/119/senate/1/127?api_key=REDACTED&format=json
  [failed] 119_hr_4 roll 168: Congress API 404 at https://api.congress.gov/v3/vote/119/house/1/168?api_key=REDACTED&format=json
  [failed] 119_hr_4 roll 411: Congress API 404 at https://api.congress.gov/v3/vote/119/senate/1/411?api_key=REDACTED&format=json
  [failed] 119_hr_1 roll 372: Congress API 404 at https://api.congress.gov/v3/vote/119/senate/1/372?api_key=REDACTED&format=json
  [failed] 119_hr_1 roll 145: Congress API 404 at https://api.congress.gov/v3/vote/119/house/1/145?api_key=REDACTED&format=json
  [failed] 119_hjres_87 roll 111: Congress API 404 at https://api.congress.gov/v3/vote/119/house/1/111?api_key=REDACTED&format=json
  [failed] 119_sjres_28 roll 95: Congress API 404 at https://api.congress.gov/v3/vote/119/house/1/95?api_key=REDACTED&format=json
  [failed] 119_sjres_28 roll 106: Congress API 404 at https://api.congress.gov/v3/vote/119/senate/1/106?api_key=REDACTED&format=json
  [failed] 119_hjres_61 roll 232: Congress API 404 at https://api.congress.gov/v3/vote/119/senate/1/232?api_key=REDACTED&format=json
  [failed] 119_hjres_61 roll 58: Congress API 404 at https://api.congress.gov/v3/vote/119/house/1/58?api_key=REDACTED&format=json
  [failed] 119_hjres_60 roll 239: Congress API 404 at https://api.congress.gov/v3/vote/119/senate/1/239?api_key=REDACTED&format=json
  [failed] 119_hjres_60 roll 110: Congress API 404 at https://api.congress.gov/v3/vote/119/house/1/110?api_key=REDACTED&format=json
  [failed] 119_hjres_75 roll 228: Congress API 404 at https://api.congress.gov/v3/vote/119/senate/1/228?api_key=REDACTED&format=json
  [failed] 119_hjres_75 roll 78: Congress API 404 at https://api.congress.gov/v3/vote/119/house/1/78?api_key=REDACTED&format=json
  [failed] 119_hjres_42 roll 223: Congress API 404 at https://api.congress.gov/v3/vote/119/senate/1/223?api_key=REDACTED&format=json
  [failed] 119_sjres_11 roll 92: Congress API 404 at https://api.congress.gov/v3/vote/119/senate/1/92?api_key=REDACTED&format=json
  [failed] 119_s_5 roll 23: Congress API 404 at https://api.congress.gov/v3/vote/119/house/1/23?api_key=REDACTED&format=json
  [failed] 119_s_5 roll 7: Congress API 404 at https://api.congress.gov/v3/vote/119/senate/1/7?api_key=REDACTED&format=json
  [failed] 119_s_5 roll 7: Congress API 404 at https://api.congress.gov/v3/vote/119/senate/1/7?api_key=REDACTED&format=json
  [failed] 119_s_5 roll 7: Congress API 404 at https://api.congress.gov/v3/vote/119/senate/1/7?api_key=REDACTED&format=json
  [failed] 119_sjres_31 roll 143: Congress API 404 at https://api.congress.gov/v3/vote/119/house/1/143?api_key=REDACTED&format=json
  [failed] 119_sjres_31 roll 229: Congress API 404 at https://api.congress.gov/v3/vote/119/senate/1/229?api_key=REDACTED&format=json
  [failed] 119_hjres_89 roll 281: Congress API 404 at https://api.congress.gov/v3/vote/119/senate/1/281?api_key=REDACTED&format=json
  [failed] 119_hjres_89 roll 112: Congress API 404 at https://api.congress.gov/v3/vote/119/house/1/112?api_key=REDACTED&format=json
  [failed] 119_hjres_88 roll 277: Congress API 404 at https://api.congress.gov/v3/vote/119/senate/1/277?api_key=REDACTED&format=json
  [failed] 119_hjres_88 roll 114: Congress API 404 at https://api.congress.gov/v3/vote/119/house/1/114?api_key=REDACTED&format=json
  [failed] 119_hjres_87 roll 279: Congress API 404 at https://api.congress.gov/v3/vote/119/senate/1/279?api_key=REDACTED&format=json
  [failed] 119_hjres_42 roll 59: Congress API 404 at https://api.congress.gov/v3/vote/119/house/1/59?api_key=REDACTED&format=json
  [failed] 119_hjres_24 roll 162: Congress API 404 at https://api.congress.gov/v3/vote/119/senate/1/162?api_key=REDACTED&format=json
  [failed] 119_hjres_24 roll 77: Congress API 404 at https://api.congress.gov/v3/vote/119/house/1/77?api_key=REDACTED&format=json
  [failed] 119_hjres_20 roll 207: Congress API 404 at https://api.congress.gov/v3/vote/119/senate/1/207?api_key=REDACTED&format=json
  [failed] 119_hjres_20 roll 53: Congress API 404 at https://api.congress.gov/v3/vote/119/house/1/53?api_key=REDACTED&format=json
  [failed] 119_hjres_25 roll 151: Congress API 404 at https://api.congress.gov/v3/vote/119/senate/1/151?api_key=REDACTED&format=json
  [failed] 119_hjres_25 roll 71: Congress API 404 at https://api.congress.gov/v3/vote/119/house/1/71?api_key=REDACTED&format=json
  [failed] 119_hjres_35 roll 52: Congress API 404 at https://api.congress.gov/v3/vote/119/house/1/52?api_key=REDACTED&format=json
  [failed] 119_hr_1968 roll 133: Congress API 404 at https://api.congress.gov/v3/vote/119/senate/1/133?api_key=REDACTED&format=json
  [failed] 119_hr_1968 roll 133: Congress API 404 at https://api.congress.gov/v3/vote/119/senate/1/133?api_key=REDACTED&format=json
  [failed] 119_hr_1968 roll 70: Congress API 404 at https://api.congress.gov/v3/vote/119/house/1/70?api_key=REDACTED&format=json
  [failed] 119_sjres_11 roll 61: Congress API 404 at https://api.congress.gov/v3/vote/119/house/1/61?api_key=REDACTED&format=json
  [failed] 114_hr_1314 roll 292: Congress API 404 at https://api.congress.gov/v3/vote/114/senate/1/292?api_key=REDACTED&format=json
  [failed] 114_hr_1314 roll 292: Congress API 404 at https://api.congress.gov/v3/vote/114/senate/1/292?api_key=REDACTED&format=json
  [failed] 114_hr_1314 roll 292: Congress API 404 at https://api.congress.gov/v3/vote/114/senate/1/292?api_key=REDACTED&format=json
  [failed] 114_hr_1314 roll 292: Congress API 404 at https://api.congress.gov/v3/vote/114/senate/1/292?api_key=REDACTED&format=json
  [failed] 114_hr_1314 roll 292: Congress API 404 at https://api.congress.gov/v3/vote/114/senate/1/292?api_key=REDACTED&format=json
  [failed] 114_hr_719 roll 271: Congress API 404 at https://api.congress.gov/v3/vote/114/senate/1/271?api_key=REDACTED&format=json
  [failed] 114_hr_3236 roll 486: Congress API 404 at https://api.congress.gov/v3/vote/114/house/1/486?api_key=REDACTED&format=json
  [failed] 114_hr_240 roll 64: Congress API 404 at https://api.congress.gov/v3/vote/114/senate/1/64?api_key=REDACTED&format=json
  [failed] 114_hr_240 roll 64: Congress API 404 at https://api.congress.gov/v3/vote/114/senate/1/64?api_key=REDACTED&format=json
  [failed] 114_hr_240 roll 64: Congress API 404 at https://api.congress.gov/v3/vote/114/senate/1/64?api_key=REDACTED&format=json
  [failed] 114_hr_240 roll 64: Congress API 404 at https://api.congress.gov/v3/vote/114/senate/1/64?api_key=REDACTED&format=json
  [failed] 114_hr_240 roll 64: Congress API 404 at https://api.congress.gov/v3/vote/114/senate/1/64?api_key=REDACTED&format=json
  [failed] 114_hr_240 roll 64: Congress API 404 at https://api.congress.gov/v3/vote/114/senate/1/64?api_key=REDACTED&format=json
  [failed] 114_hr_240 roll 64: Congress API 404 at https://api.congress.gov/v3/vote/114/senate/1/64?api_key=REDACTED&format=json
  [failed] 114_hr_240 roll 64: Congress API 404 at https://api.congress.gov/v3/vote/114/senate/1/64?api_key=REDACTED&format=json
  [failed] 114_hr_240 roll 35: Congress API 404 at https://api.congress.gov/v3/vote/114/house/1/35?api_key=REDACTED&format=json
  [failed] 114_hr_1295 roll 220: Congress API 404 at https://api.congress.gov/v3/vote/114/senate/1/220?api_key=REDACTED&format=json
  [failed] 114_hr_1295 roll 220: Congress API 404 at https://api.congress.gov/v3/vote/114/senate/1/220?api_key=REDACTED&format=json
  [failed] 114_hr_2146 roll 218: Congress API 404 at https://api.congress.gov/v3/vote/114/senate/1/218?api_key=REDACTED&format=json
  [failed] 114_hr_203 roll 50: Congress API 404 at https://api.congress.gov/v3/vote/114/senate/1/50?api_key=REDACTED&format=json
  [failed] 114_hr_26 roll 2: Congress API 404 at https://api.congress.gov/v3/vote/114/senate/1/2?api_key=REDACTED&format=json
  [failed] 114_hr_2048 roll 201: Congress API 404 at https://api.congress.gov/v3/vote/114/senate/1/201?api_key=REDACTED&format=json
  [failed] 114_hr_2048 roll 201: Congress API 404 at https://api.congress.gov/v3/vote/114/senate/1/201?api_key=REDACTED&format=json
  [failed] 114_hr_2048 roll 201: Congress API 404 at https://api.congress.gov/v3/vote/114/senate/1/201?api_key=REDACTED&format=json
  [failed] 114_hr_2048 roll 201: Congress API 404 at https://api.congress.gov/v3/vote/114/senate/1/201?api_key=REDACTED&format=json
  [failed] 114_hr_2048 roll 224: Congress API 404 at https://api.congress.gov/v3/vote/114/house/1/224?api_key=REDACTED&format=json
  [failed] 114_s_178 roll 163: Congress API 404 at https://api.congress.gov/v3/vote/114/senate/1/163?api_key=REDACTED&format=json
  [failed] 114_s_178 roll 163: Congress API 404 at https://api.congress.gov/v3/vote/114/senate/1/163?api_key=REDACTED&format=json
  [failed] 114_s_178 roll 163: Congress API 404 at https://api.congress.gov/v3/vote/114/senate/1/163?api_key=REDACTED&format=json
  [failed] 114_s_178 roll 163: Congress API 404 at https://api.congress.gov/v3/vote/114/senate/1/163?api_key=REDACTED&format=json
  [failed] 114_s_178 roll 163: Congress API 404 at https://api.congress.gov/v3/vote/114/senate/1/163?api_key=REDACTED&format=json
  [failed] 114_s_178 roll 163: Congress API 404 at https://api.congress.gov/v3/vote/114/senate/1/163?api_key=REDACTED&format=json
  [failed] 114_hr_2250 roll 247: Congress API 404 at https://api.congress.gov/v3/vote/114/house/1/247?api_key=REDACTED&format=json
  [failed] 114_hr_2353 roll 249: Congress API 404 at https://api.congress.gov/v3/vote/114/house/1/249?api_key=REDACTED&format=json
  [failed] 114_hr_1191 roll 174: Congress API 404 at https://api.congress.gov/v3/vote/114/senate/1/174?api_key=REDACTED&format=json
  [failed] 114_s_1177 roll 333: Congress API 404 at https://api.congress.gov/v3/vote/114/senate/1/333?api_key=REDACTED&format=json
  [failed] 114_s_1177 roll 333: Congress API 404 at https://api.congress.gov/v3/vote/114/senate/1/333?api_key=REDACTED&format=json
  [failed] 114_s_1177 roll 333: Congress API 404 at https://api.congress.gov/v3/vote/114/senate/1/333?api_key=REDACTED&format=json
  [failed] 114_s_1177 roll 333: Congress API 404 at https://api.congress.gov/v3/vote/114/senate/1/333?api_key=REDACTED&format=json
  [failed] 114_hr_22 roll 303: Congress API 404 at https://api.congress.gov/v3/vote/114/senate/1/303?api_key=REDACTED&format=json
  [failed] 114_hr_22 roll 303: Congress API 404 at https://api.congress.gov/v3/vote/114/senate/1/303?api_key=REDACTED&format=json
  [failed] 114_hr_22 roll 303: Congress API 404 at https://api.congress.gov/v3/vote/114/senate/1/303?api_key=REDACTED&format=json
  [failed] 114_hr_22 roll 303: Congress API 404 at https://api.congress.gov/v3/vote/114/senate/1/303?api_key=REDACTED&format=json
  [failed] 114_hr_22 roll 303: Congress API 404 at https://api.congress.gov/v3/vote/114/senate/1/303?api_key=REDACTED&format=json
  [failed] 114_hr_4511 roll 152: Congress API 404 at https://api.congress.gov/v3/vote/114/senate/2/152?api_key=REDACTED&format=json
  [failed] 114_hr_5985 roll 143: Congress API 404 at https://api.congress.gov/v3/vote/114/senate/2/143?api_key=REDACTED&format=json
  [failed] 114_hr_757 roll 20: Congress API 404 at https://api.congress.gov/v3/vote/114/senate/2/20?api_key=REDACTED&format=json
  [failed] 114_hr_5325 roll 151: Congress API 404 at https://api.congress.gov/v3/vote/114/senate/2/151?api_key=REDACTED&format=json
  [failed] 114_hr_5325 roll 151: Congress API 404 at https://api.congress.gov/v3/vote/114/senate/2/151?api_key=REDACTED&format=json
  [failed] 114_hr_5325 roll 151: Congress API 404 at https://api.congress.gov/v3/vote/114/senate/2/151?api_key=REDACTED&format=json
  [failed] 114_hr_5325 roll 151: Congress API 404 at https://api.congress.gov/v3/vote/114/senate/2/151?api_key=REDACTED&format=json
  [failed] 114_hr_5325 roll 294: Congress API 404 at https://api.congress.gov/v3/vote/114/house/2/294?api_key=REDACTED&format=json
  [failed] 114_s_2040 roll 148: Congress API 404 at https://api.congress.gov/v3/vote/114/senate/2/148?api_key=REDACTED&format=json
  [failed] 114_s_764 roll 121: Congress API 404 at https://api.congress.gov/v3/vote/114/senate/2/121?api_key=REDACTED&format=json
  [failed] 114_s_764 roll 121: Congress API 404 at https://api.congress.gov/v3/vote/114/senate/2/121?api_key=REDACTED&format=json
  [failed] 114_hr_3700 roll 52: Congress API 404 at https://api.congress.gov/v3/vote/114/house/2/52?api_key=REDACTED&format=json
  [failed] 114_s_524 roll 126: Congress API 404 at https://api.congress.gov/v3/vote/114/senate/2/126?api_key=REDACTED&format=json
  [failed] 114_s_524 roll 126: Congress API 404 at https://api.congress.gov/v3/vote/114/senate/2/126?api_key=REDACTED&format=json
  [failed] 114_s_524 roll 193: Congress API 404 at https://api.congress.gov/v3/vote/114/house/2/193?api_key=REDACTED&format=json
  [failed] 114_s_524 roll 126: Congress API 404 at https://api.congress.gov/v3/vote/114/senate/2/126?api_key=REDACTED&format=json
  [failed] 114_s_524 roll 126: Congress API 404 at https://api.congress.gov/v3/vote/114/senate/2/126?api_key=REDACTED&format=json
  [failed] 114_s_524 roll 126: Congress API 404 at https://api.congress.gov/v3/vote/114/senate/2/126?api_key=REDACTED&format=json
  [failed] 114_hr_636 roll 47: Congress API 404 at https://api.congress.gov/v3/vote/114/senate/2/47?api_key=REDACTED&format=json
  [failed] 114_hr_636 roll 47: Congress API 404 at https://api.congress.gov/v3/vote/114/senate/2/47?api_key=REDACTED&format=json
  [failed] 114_hr_636 roll 47: Congress API 404 at https://api.congress.gov/v3/vote/114/senate/2/47?api_key=REDACTED&format=json
  [failed] 114_hr_636 roll 82: Congress API 404 at https://api.congress.gov/v3/vote/114/house/1/82?api_key=REDACTED&format=json
  [failed] 114_s_2328 roll 113: Congress API 404 at https://api.congress.gov/v3/vote/114/senate/2/113?api_key=REDACTED&format=json
  [failed] 114_s_1890 roll 39: Congress API 404 at https://api.congress.gov/v3/vote/114/senate/2/39?api_key=REDACTED&format=json
  [failed] 114_s_2943 roll 158: Congress API 404 at https://api.congress.gov/v3/vote/114/senate/2/158?api_key=REDACTED&format=json
  [failed] 114_s_2943 roll 158: Congress API 404 at https://api.congress.gov/v3/vote/114/senate/2/158?api_key=REDACTED&format=json
  [failed] 114_s_2943 roll 158: Congress API 404 at https://api.congress.gov/v3/vote/114/senate/2/158?api_key=REDACTED&format=json
  [failed] 114_s_2943 roll 158: Congress API 404 at https://api.congress.gov/v3/vote/114/senate/2/158?api_key=REDACTED&format=json
  [failed] 114_s_2943 roll 158: Congress API 404 at https://api.congress.gov/v3/vote/114/senate/2/158?api_key=REDACTED&format=json
  [failed] 114_s_612 roll 162: Congress API 404 at https://api.congress.gov/v3/vote/114/senate/2/162?api_key=REDACTED&format=json
  [failed] 114_s_612 roll 622: Congress API 404 at https://api.congress.gov/v3/vote/114/house/2/622?api_key=REDACTED&format=json
  [failed] 114_hr_6297 roll 155: Congress API 404 at https://api.congress.gov/v3/vote/114/senate/2/155?api_key=REDACTED&format=json
  [failed] 114_s_2873 roll 154: Congress API 404 at https://api.congress.gov/v3/vote/114/senate/2/154?api_key=REDACTED&format=json
  [failed] 114_hr_644 roll 21: Congress API 404 at https://api.congress.gov/v3/vote/114/senate/2/21?api_key=REDACTED&format=json
  [failed] 114_hr_644 roll 21: Congress API 404 at https://api.congress.gov/v3/vote/114/senate/1/21?api_key=REDACTED&format=json
  [failed] 114_hr_644 roll 80: Congress API 404 at https://api.congress.gov/v3/vote/114/house/1/80?api_key=REDACTED&format=json
  [failed] 114_hr_34 roll 156: Congress API 404 at https://api.congress.gov/v3/vote/114/senate/2/156?api_key=REDACTED&format=json
  [failed] 114_hr_2028 roll 160: Congress API 404 at https://api.congress.gov/v3/vote/114/senate/2/160?api_key=REDACTED&format=json
  [failed] 114_hr_2028 roll 160: Congress API 404 at https://api.congress.gov/v3/vote/114/senate/2/160?api_key=REDACTED&format=json
  [failed] 114_hr_2028 roll 160: Congress API 404 at https://api.congress.gov/v3/vote/114/senate/1/160?api_key=REDACTED&format=json
  [failed] 114_hr_2028 roll 215: Congress API 404 at https://api.congress.gov/v3/vote/114/house/1/215?api_key=REDACTED&format=json
  [failed] 114_hr_2029 roll 336: Congress API 404 at https://api.congress.gov/v3/vote/114/senate/1/336?api_key=REDACTED&format=json
  [failed] 114_hr_2029 roll 336: Congress API 404 at https://api.congress.gov/v3/vote/114/senate/1/336?api_key=REDACTED&format=json
  [failed] 114_hr_2029 roll 336: Congress API 404 at https://api.congress.gov/v3/vote/114/senate/1/336?api_key=REDACTED&format=json
  [failed] 114_hr_2029 roll 193: Congress API 404 at https://api.congress.gov/v3/vote/114/house/1/193?api_key=REDACTED&format=json
  [failed] 115_s_114 roll 438: Congress API 404 at https://api.congress.gov/v3/vote/115/house/1/438?api_key=REDACTED&format=json
  [failed] 115_hjres_67 roll 99: Congress API 404 at https://api.congress.gov/v3/vote/115/senate/1/99?api_key=REDACTED&format=json
  [failed] 115_hjres_67 roll 95: Congress API 404 at https://api.congress.gov/v3/vote/115/house/1/95?api_key=REDACTED&format=json
  [failed] 115_hjres_41 roll 51: Congress API 404 at https://api.congress.gov/v3/vote/115/senate/1/51?api_key=REDACTED&format=json
  [failed] 115_hjres_41 roll 72: Congress API 404 at https://api.congress.gov/v3/vote/115/house/1/72?api_key=REDACTED&format=json
  [failed] 115_hjres_43 roll 101: Congress API 404 at https://api.congress.gov/v3/vote/115/senate/1/101?api_key=REDACTED&format=json
  [failed] 115_hjres_43 roll 99: Congress API 404 at https://api.congress.gov/v3/vote/115/house/1/99?api_key=REDACTED&format=json
  [failed] 115_hr_3364 roll 175: Congress API 404 at https://api.congress.gov/v3/vote/115/senate/1/175?api_key=REDACTED&format=json
  [failed] 115_sjres_34 roll 202: Congress API 404 at https://api.congress.gov/v3/vote/115/house/1/202?api_key=REDACTED&format=json
  [failed] 115_sjres_34 roll 94: Congress API 404 at https://api.congress.gov/v3/vote/115/senate/1/94?api_key=REDACTED&format=json
  [failed] 115_hjres_83 roll 93: Congress API 404 at https://api.congress.gov/v3/vote/115/senate/1/93?api_key=REDACTED&format=json
  [failed] 115_hjres_83 roll 121: Congress API 404 at https://api.congress.gov/v3/vote/115/house/1/121?api_key=REDACTED&format=json
  [failed] 115_s_1094 roll 307: Congress API 404 at https://api.congress.gov/v3/vote/115/house/1/307?api_key=REDACTED&format=json
  [failed] 115_hjres_69 roll 92: Congress API 404 at https://api.congress.gov/v3/vote/115/senate/1/92?api_key=REDACTED&format=json
  [failed] 115_hjres_69 roll 98: Congress API 404 at https://api.congress.gov/v3/vote/115/house/1/98?api_key=REDACTED&format=json
  [failed] 115_hjres_66 roll 120: Congress API 404 at https://api.congress.gov/v3/vote/115/senate/1/120?api_key=REDACTED&format=json
  [failed] 115_hjres_66 roll 96: Congress API 404 at https://api.congress.gov/v3/vote/115/house/1/96?api_key=REDACTED&format=json
  [failed] 115_hjres_42 roll 87: Congress API 404 at https://api.congress.gov/v3/vote/115/senate/1/87?api_key=REDACTED&format=json
  [failed] 115_hjres_42 roll 97: Congress API 404 at https://api.congress.gov/v3/vote/115/house/1/97?api_key=REDACTED&format=json
  [failed] 115_hjres_58 roll 83: Congress API 404 at https://api.congress.gov/v3/vote/115/senate/1/83?api_key=REDACTED&format=json
  [failed] 115_hjres_58 roll 85: Congress API 404 at https://api.congress.gov/v3/vote/115/house/1/85?api_key=REDACTED&format=json
  [failed] 115_hjres_57 roll 84: Congress API 404 at https://api.congress.gov/v3/vote/115/senate/1/84?api_key=REDACTED&format=json
  [failed] 115_hjres_57 roll 84: Congress API 404 at https://api.congress.gov/v3/vote/115/house/1/84?api_key=REDACTED&format=json
  [failed] 115_hjres_44 roll 82: Congress API 404 at https://api.congress.gov/v3/vote/115/senate/1/82?api_key=REDACTED&format=json
  [failed] 115_hjres_44 roll 83: Congress API 404 at https://api.congress.gov/v3/vote/115/house/1/83?api_key=REDACTED&format=json
  [failed] 115_hjres_37 roll 81: Congress API 404 at https://api.congress.gov/v3/vote/115/senate/1/81?api_key=REDACTED&format=json
  [failed] 115_hjres_37 roll 76: Congress API 404 at https://api.congress.gov/v3/vote/115/house/1/76?api_key=REDACTED&format=json
  [failed] 115_hr_72 roll 28: Congress API 404 at https://api.congress.gov/v3/vote/115/senate/1/28?api_key=REDACTED&format=json
  [failed] 115_s_84 roll 59: Congress API 404 at https://api.congress.gov/v3/vote/115/house/1/59?api_key=REDACTED&format=json
  [failed] 115_s_84 roll 27: Congress API 404 at https://api.congress.gov/v3/vote/115/senate/1/27?api_key=REDACTED&format=json
  [failed] 115_hr_1 roll 303: Congress API 404 at https://api.congress.gov/v3/vote/115/senate/1/303?api_key=REDACTED&format=json
  [failed] 115_hr_1 roll 637: Congress API 404 at https://api.congress.gov/v3/vote/115/house/1/637?api_key=REDACTED&format=json
  [failed] 115_hjres_40 roll 66: Congress API 404 at https://api.congress.gov/v3/vote/115/senate/1/66?api_key=REDACTED&format=json
  [failed] 115_hjres_40 roll 77: Congress API 404 at https://api.congress.gov/v3/vote/115/house/1/77?api_key=REDACTED&format=json
  [failed] 115_hjres_99 roll 236: Congress API 404 at https://api.congress.gov/v3/vote/115/house/1/236?api_key=REDACTED&format=json
  [failed] 115_hr_2810 roll 199: Congress API 404 at https://api.congress.gov/v3/vote/115/senate/1/199?api_key=REDACTED&format=json
  [failed] 115_hr_2810 roll 199: Congress API 404 at https://api.congress.gov/v3/vote/115/senate/1/199?api_key=REDACTED&format=json
  [failed] 115_hr_2810 roll 199: Congress API 404 at https://api.congress.gov/v3/vote/115/senate/1/199?api_key=REDACTED&format=json
  [failed] 115_hr_2810 roll 378: Congress API 404 at https://api.congress.gov/v3/vote/115/house/1/378?api_key=REDACTED&format=json
  [failed] 115_hjres_123 roll 670: Congress API 404 at https://api.congress.gov/v3/vote/115/house/1/670?api_key=REDACTED&format=json
  [failed] 115_hjres_111 roll 249: Congress API 404 at https://api.congress.gov/v3/vote/115/senate/1/249?api_key=REDACTED&format=json
  [failed] 115_hjres_111 roll 412: Congress API 404 at https://api.congress.gov/v3/vote/115/house/1/412?api_key=REDACTED&format=json
  [failed] 115_s_585 roll 568: Congress API 404 at https://api.congress.gov/v3/vote/115/house/1/568?api_key=REDACTED&format=json
  [failed] 115_hr_2266 roll 246: Congress API 404 at https://api.congress.gov/v3/vote/115/senate/1/246?api_key=REDACTED&format=json
  [failed] 115_hr_3823 roll 542: Congress API 404 at https://api.congress.gov/v3/vote/115/house/1/542?api_key=REDACTED&format=json
  [failed] 115_hr_601 roll 191: Congress API 404 at https://api.congress.gov/v3/vote/115/senate/1/191?api_key=REDACTED&format=json
  [failed] 115_hr_2430 roll 187: Congress API 404 at https://api.congress.gov/v3/vote/115/senate/1/187?api_key=REDACTED&format=json
  [failed] 115_hr_2430 roll 187: Congress API 404 at https://api.congress.gov/v3/vote/115/senate/1/187?api_key=REDACTED&format=json
  [failed] 115_hjres_38 roll 43: Congress API 404 at https://api.congress.gov/v3/vote/115/senate/1/43?api_key=REDACTED&format=json
  [failed] 115_hjres_38 roll 73: Congress API 404 at https://api.congress.gov/v3/vote/115/house/1/73?api_key=REDACTED&format=json
  [failed] 115_hr_1892 roll 30: Congress API 404 at https://api.congress.gov/v3/vote/115/senate/2/30?api_key=REDACTED&format=json
  [failed] 115_s_756 roll 267: Congress API 404 at https://api.congress.gov/v3/vote/115/senate/2/267?api_key=REDACTED&format=json
  [failed] 115_hr_2 roll 143: Congress API 404 at https://api.congress.gov/v3/vote/115/senate/2/143?api_key=REDACTED&format=json
  [failed] 115_hr_2 roll 143: Congress API 404 at https://api.congress.gov/v3/vote/115/senate/2/143?api_key=REDACTED&format=json
  [failed] 115_hr_2 roll 284: Congress API 404 at https://api.congress.gov/v3/vote/115/house/2/284?api_key=REDACTED&format=json
  [failed] 115_hr_2 roll 284: Congress API 404 at https://api.congress.gov/v3/vote/115/house/2/284?api_key=REDACTED&format=json
  [failed] 115_s_140 roll 240: Congress API 404 at https://api.congress.gov/v3/vote/115/senate/2/240?api_key=REDACTED&format=json
  [failed] 115_s_140 roll 240: Congress API 404 at https://api.congress.gov/v3/vote/115/senate/2/240?api_key=REDACTED&format=json
  [failed] 115_s_140 roll 240: Congress API 404 at https://api.congress.gov/v3/vote/115/senate/2/240?api_key=REDACTED&format=json
  [failed] 115_s_140 roll 11: Congress API 404 at https://api.congress.gov/v3/vote/115/house/2/11?api_key=REDACTED&format=json
  [failed] 115_hr_6 roll 210: Congress API 404 at https://api.congress.gov/v3/vote/115/senate/2/210?api_key=REDACTED&format=json
  [failed] 115_hr_6 roll 288: Congress API 404 at https://api.congress.gov/v3/vote/115/house/2/288?api_key=REDACTED&format=json
  [failed] 115_s_3021 roll 224: Congress API 404 at https://api.congress.gov/v3/vote/115/senate/2/224?api_key=REDACTED&format=json
  [failed] 115_s_2554 roll 209: Congress API 404 at https://api.congress.gov/v3/vote/115/senate/2/209?api_key=REDACTED&format=json
  [failed] 115_hr_302 roll 219: Congress API 404 at https://api.congress.gov/v3/vote/115/senate/2/219?api_key=REDACTED&format=json
  [failed] 115_hr_1301 roll 136: Congress API 404 at https://api.congress.gov/v3/vote/115/house/1/136?api_key=REDACTED&format=json
  [failed] 115_s_139 roll 11: Congress API 404 at https://api.congress.gov/v3/vote/115/senate/2/11?api_key=REDACTED&format=json
  [failed] 115_s_139 roll 16: Congress API 404 at https://api.congress.gov/v3/vote/115/house/2/16?api_key=REDACTED&format=json
  [failed] 115_hr_6157 roll 211: Congress API 404 at https://api.congress.gov/v3/vote/115/senate/2/211?api_key=REDACTED&format=json
  [failed] 115_hr_6157 roll 211: Congress API 404 at https://api.congress.gov/v3/vote/115/senate/2/211?api_key=REDACTED&format=json
  [failed] 115_hr_6157 roll 313: Congress API 404 at https://api.congress.gov/v3/vote/115/house/2/313?api_key=REDACTED&format=json
  [failed] 115_hr_5895 roll 139: Congress API 404 at https://api.congress.gov/v3/vote/115/senate/2/139?api_key=REDACTED&format=json
  [failed] 115_hr_5895 roll 139: Congress API 404 at https://api.congress.gov/v3/vote/115/senate/2/139?api_key=REDACTED&format=json
  [failed] 115_hr_5895 roll 257: Congress API 404 at https://api.congress.gov/v3/vote/115/house/2/257?api_key=REDACTED&format=json
  [failed] 115_hr_195 roll 16: Congress API 404 at https://api.congress.gov/v3/vote/115/senate/2/16?api_key=REDACTED&format=json
  [failed] 115_hr_195 roll 16: Congress API 404 at https://api.congress.gov/v3/vote/115/senate/2/16?api_key=REDACTED&format=json
  [failed] 115_hr_5515 roll 128: Congress API 404 at https://api.congress.gov/v3/vote/115/senate/2/128?api_key=REDACTED&format=json
  [failed] 115_hr_5515 roll 128: Congress API 404 at https://api.congress.gov/v3/vote/115/senate/2/128?api_key=REDACTED&format=json
  [failed] 115_hr_5515 roll 128: Congress API 404 at https://api.congress.gov/v3/vote/115/senate/2/128?api_key=REDACTED&format=json
  [failed] 115_hr_5515 roll 230: Congress API 404 at https://api.congress.gov/v3/vote/115/house/2/230?api_key=REDACTED&format=json
  [failed] 115_s_2372 roll 104: Congress API 404 at https://api.congress.gov/v3/vote/115/senate/2/104?api_key=REDACTED&format=json
  [failed] 115_s_2372 roll 189: Congress API 404 at https://api.congress.gov/v3/vote/115/house/2/189?api_key=REDACTED&format=json
  [failed] 115_s_204 roll 214: Congress API 404 at https://api.congress.gov/v3/vote/115/house/2/214?api_key=REDACTED&format=json
  [failed] 115_s_2155 roll 216: Congress API 404 at https://api.congress.gov/v3/vote/115/house/2/216?api_key=REDACTED&format=json
  [failed] 115_s_2155 roll 54: Congress API 404 at https://api.congress.gov/v3/vote/115/senate/2/54?api_key=REDACTED&format=json
  [failed] 115_s_2155 roll 54: Congress API 404 at https://api.congress.gov/v3/vote/115/senate/2/54?api_key=REDACTED&format=json
  [failed] 115_s_2155 roll 54: Congress API 404 at https://api.congress.gov/v3/vote/115/senate/2/54?api_key=REDACTED&format=json
  [failed] 115_sjres_57 roll 171: Congress API 404 at https://api.congress.gov/v3/vote/115/house/2/171?api_key=REDACTED&format=json
  [failed] 115_sjres_57 roll 76: Congress API 404 at https://api.congress.gov/v3/vote/115/senate/2/76?api_key=REDACTED&format=json
  [failed] 115_hr_1865 roll 60: Congress API 404 at https://api.congress.gov/v3/vote/115/senate/2/60?api_key=REDACTED&format=json
  [failed] 115_hr_1865 roll 60: Congress API 404 at https://api.congress.gov/v3/vote/115/senate/2/60?api_key=REDACTED&format=json
  [failed] 115_hr_1865 roll 91: Congress API 404 at https://api.congress.gov/v3/vote/115/house/2/91?api_key=REDACTED&format=json
  [failed] 115_hr_1625 roll 62: Congress API 404 at https://api.congress.gov/v3/vote/115/senate/2/62?api_key=REDACTED&format=json
  [failed] 116_s_578 roll 250: Congress API 404 at https://api.congress.gov/v3/vote/116/senate/2/250?api_key=REDACTED&format=json
  [failed] 116_s_1790 roll 398: Congress API 404 at https://api.congress.gov/v3/vote/116/senate/1/398?api_key=REDACTED&format=json
  [failed] 116_s_1790 roll 398: Congress API 404 at https://api.congress.gov/v3/vote/116/senate/1/398?api_key=REDACTED&format=json
  [failed] 116_s_1790 roll 398: Congress API 404 at https://api.congress.gov/v3/vote/116/senate/1/398?api_key=REDACTED&format=json
  [failed] 116_s_1790 roll 398: Congress API 404 at https://api.congress.gov/v3/vote/116/senate/1/398?api_key=REDACTED&format=json
  [failed] 116_hr_3055 roll 364: Congress API 404 at https://api.congress.gov/v3/vote/116/senate/1/364?api_key=REDACTED&format=json
  [failed] 116_hr_3055 roll 364: Congress API 404 at https://api.congress.gov/v3/vote/116/senate/1/364?api_key=REDACTED&format=json
  [failed] 116_hr_3055 roll 364: Congress API 404 at https://api.congress.gov/v3/vote/116/senate/1/364?api_key=REDACTED&format=json
  [failed] 116_hr_3055 roll 408: Congress API 404 at https://api.congress.gov/v3/vote/116/house/1/408?api_key=REDACTED&format=json
  [failed] 116_hjres_31 roll 25: Congress API 404 at https://api.congress.gov/v3/vote/116/senate/1/25?api_key=REDACTED&format=json
  [failed] 116_hjres_31 roll 51: Congress API 404 at https://api.congress.gov/v3/vote/116/house/1/51?api_key=REDACTED&format=json
  [failed] 116_hr_2157 roll 129: Congress API 404 at https://api.congress.gov/v3/vote/116/senate/1/129?api_key=REDACTED&format=json
  [failed] 116_hr_2157 roll 202: Congress API 404 at https://api.congress.gov/v3/vote/116/house/1/202?api_key=REDACTED&format=json
  [failed] 116_hr_1957 roll 121: Congress API 404 at https://api.congress.gov/v3/vote/116/senate/2/121?api_key=REDACTED&format=json
  [failed] 116_hr_1957 roll 121: Congress API 404 at https://api.congress.gov/v3/vote/116/senate/2/121?api_key=REDACTED&format=json
  [failed] 116_hr_1957 roll 121: Congress API 404 at https://api.congress.gov/v3/vote/116/senate/2/121?api_key=REDACTED&format=json
  [failed] 116_hr_1865 roll 413: Congress API 404 at https://api.congress.gov/v3/vote/116/senate/1/413?api_key=REDACTED&format=json
  [failed] 116_hr_748 roll 80: Congress API 404 at https://api.congress.gov/v3/vote/116/senate/2/80?api_key=REDACTED&format=json
  [failed] 116_hr_748 roll 80: Congress API 404 at https://api.congress.gov/v3/vote/116/senate/2/80?api_key=REDACTED&format=json
  [failed] 116_hr_748 roll 80: Congress API 404 at https://api.congress.gov/v3/vote/116/senate/2/80?api_key=REDACTED&format=json
  [failed] 116_hr_1158 roll 427: Congress API 404 at https://api.congress.gov/v3/vote/116/senate/1/427?api_key=REDACTED&format=json
  [failed] 116_s_47 roll 22: Congress API 404 at https://api.congress.gov/v3/vote/116/senate/1/22?api_key=REDACTED&format=json
  [failed] 116_s_47 roll 22: Congress API 404 at https://api.congress.gov/v3/vote/116/senate/1/22?api_key=REDACTED&format=json
  [failed] 116_s_47 roll 22: Congress API 404 at https://api.congress.gov/v3/vote/116/senate/1/22?api_key=REDACTED&format=json
  [failed] 116_hr_1327 roll 224: Congress API 404 at https://api.congress.gov/v3/vote/116/senate/1/224?api_key=REDACTED&format=json
  [failed] 116_hr_266 roll 27: Congress API 404 at https://api.congress.gov/v3/vote/116/house/1/27?api_key=REDACTED&format=json
  [failed] 116_hjres_28 roll 46: Congress API 404 at https://api.congress.gov/v3/vote/116/house/1/46?api_key=REDACTED&format=json
  [failed] 116_hr_3877 roll 262: Congress API 404 at https://api.congress.gov/v3/vote/116/senate/1/262?api_key=REDACTED&format=json
  [failed] 116_hr_3877 roll 262: Congress API 404 at https://api.congress.gov/v3/vote/116/senate/1/262?api_key=REDACTED&format=json
  [failed] 116_hr_3877 roll 511: Congress API 404 at https://api.congress.gov/v3/vote/116/house/1/511?api_key=REDACTED&format=json
  [failed] 116_hr_4378 roll 311: Congress API 404 at https://api.congress.gov/v3/vote/116/senate/1/311?api_key=REDACTED&format=json
  [failed] 116_hr_4378 roll 538: Congress API 404 at https://api.congress.gov/v3/vote/116/house/1/538?api_key=REDACTED&format=json
  [failed] 116_hr_5430 roll 14: Congress API 404 at https://api.congress.gov/v3/vote/116/senate/2/14?api_key=REDACTED&format=json
  [failed] 116_hr_5430 roll 701: Congress API 404 at https://api.congress.gov/v3/vote/116/house/1/701?api_key=REDACTED&format=json
  [failed] 116_hr_6074 roll 66: Congress API 404 at https://api.congress.gov/v3/vote/116/senate/2/66?api_key=REDACTED&format=json
  [failed] 116_hr_6201 roll 76: Congress API 404 at https://api.congress.gov/v3/vote/116/senate/2/76?api_key=REDACTED&format=json
  [failed] 116_hr_6395 roll 292: Congress API 404 at https://api.congress.gov/v3/vote/116/senate/2/292?api_key=REDACTED&format=json
  [failed] 116_hr_6395 roll 292: Congress API 404 at https://api.congress.gov/v3/vote/116/senate/2/292?api_key=REDACTED&format=json
  [failed] 116_hr_6395 roll 152: Congress API 404 at https://api.congress.gov/v3/vote/116/house/2/152?api_key=REDACTED&format=json
  [failed] 116_hr_6395 roll 292: Congress API 404 at https://api.congress.gov/v3/vote/116/senate/2/292?api_key=REDACTED&format=json
  [failed] 116_hr_3401 roll 185: Congress API 404 at https://api.congress.gov/v3/vote/116/senate/1/185?api_key=REDACTED&format=json
  [failed] 116_hr_3401 roll 185: Congress API 404 at https://api.congress.gov/v3/vote/116/senate/1/185?api_key=REDACTED&format=json
  [failed] 116_hr_3401 roll 414: Congress API 404 at https://api.congress.gov/v3/vote/116/house/1/414?api_key=REDACTED&format=json
  [failed] 116_hr_8337 roll 197: Congress API 404 at https://api.congress.gov/v3/vote/116/senate/2/197?api_key=REDACTED&format=json
  [failed] 116_hr_8337 roll 197: Congress API 404 at https://api.congress.gov/v3/vote/116/senate/2/197?api_key=REDACTED&format=json
  [failed] 116_s_151 roll 127: Congress API 404 at https://api.congress.gov/v3/vote/116/senate/1/127?api_key=REDACTED&format=json
  [failed] 116_hr_2333 roll 390: Congress API 404 at https://api.congress.gov/v3/vote/116/senate/1/390?api_key=REDACTED&format=json
  [failed] 117_hr_8404 roll 362: Congress API 404 at https://api.congress.gov/v3/vote/117/senate/2/362?api_key=REDACTED&format=json
  [failed] 117_hr_8404 roll 362: Congress API 404 at https://api.congress.gov/v3/vote/117/senate/2/362?api_key=REDACTED&format=json
  [failed] 117_hr_8404 roll 373: Congress API 404 at https://api.congress.gov/v3/vote/117/house/2/373?api_key=REDACTED&format=json
  [failed] 117_hr_1868 roll 142: Congress API 404 at https://api.congress.gov/v3/vote/117/senate/1/142?api_key=REDACTED&format=json
  [failed] 117_hr_1868 roll 96: Congress API 404 at https://api.congress.gov/v3/vote/117/house/1/96?api_key=REDACTED&format=json
  [failed] 117_s_3905 roll 524: Congress API 404 at https://api.congress.gov/v3/vote/117/house/2/524?api_key=REDACTED&format=json
  [failed] 117_s_3522 roll 141: Congress API 404 at https://api.congress.gov/v3/vote/117/house/2/141?api_key=REDACTED&format=json
  [failed] 117_hr_1652 roll 272: Congress API 404 at https://api.congress.gov/v3/vote/117/senate/1/272?api_key=REDACTED&format=json
  [failed] 117_hr_7776 roll 394: Congress API 404 at https://api.congress.gov/v3/vote/117/senate/2/394?api_key=REDACTED&format=json
  [failed] 117_hr_7776 roll 394: Congress API 404 at https://api.congress.gov/v3/vote/117/senate/2/394?api_key=REDACTED&format=json
  [failed] 117_hr_5376 roll 325: Congress API 404 at https://api.congress.gov/v3/vote/117/senate/2/325?api_key=REDACTED&format=json
  [failed] 117_hr_5376 roll 385: Congress API 404 at https://api.congress.gov/v3/vote/117/house/1/385?api_key=REDACTED&format=json
  [failed] 117_hr_6833 roll 351: Congress API 404 at https://api.congress.gov/v3/vote/117/senate/2/351?api_key=REDACTED&format=json
  [failed] 117_hr_6833 roll 351: Congress API 404 at https://api.congress.gov/v3/vote/117/senate/2/351?api_key=REDACTED&format=json
  [failed] 117_hr_6833 roll 102: Congress API 404 at https://api.congress.gov/v3/vote/117/house/2/102?api_key=REDACTED&format=json
  [failed] 117_s_3373 roll 272: Congress API 404 at https://api.congress.gov/v3/vote/117/senate/2/272?api_key=REDACTED&format=json
  [failed] 117_s_3373 roll 309: Congress API 404 at https://api.congress.gov/v3/vote/117/house/2/309?api_key=REDACTED&format=json
  [failed] 117_s_1942 roll 540: Congress API 404 at https://api.congress.gov/v3/vote/117/house/2/540?api_key=REDACTED&format=json
  [failed] 117_hr_4346 roll 268: Congress API 404 at https://api.congress.gov/v3/vote/117/senate/2/268?api_key=REDACTED&format=json
  [failed] 117_hr_4346 roll 239: Congress API 404 at https://api.congress.gov/v3/vote/117/house/1/239?api_key=REDACTED&format=json
  [failed] 117_hr_4373 roll 129: Congress API 404 at https://api.congress.gov/v3/vote/117/senate/2/129?api_key=REDACTED&format=json
  [failed] 117_hr_4373 roll 243: Congress API 404 at https://api.congress.gov/v3/vote/117/house/1/243?api_key=REDACTED&format=json
  [failed] 117_s_4003 roll 525: Congress API 404 at https://api.congress.gov/v3/vote/117/house/2/525?api_key=REDACTED&format=json
  [failed] 117_hr_263 roll 415: Congress API 404 at https://api.congress.gov/v3/vote/117/house/2/415?api_key=REDACTED&format=json
  [failed] 117_s_4524 roll 480: Congress API 404 at https://api.congress.gov/v3/vote/117/house/2/480?api_key=REDACTED&format=json
  [failed] 117_hjres_100 roll 372: Congress API 404 at https://api.congress.gov/v3/vote/117/senate/2/372?api_key=REDACTED&format=json
  [failed] 117_hjres_100 roll 490: Congress API 404 at https://api.congress.gov/v3/vote/117/house/2/490?api_key=REDACTED&format=json
  [failed] 117_s_1098 roll 448: Congress API 404 at https://api.congress.gov/v3/vote/117/house/2/448?api_key=REDACTED&format=json
  [failed] 117_s_2938 roll 240: Congress API 404 at https://api.congress.gov/v3/vote/117/senate/2/240?api_key=REDACTED&format=json
  [failed] 117_s_2938 roll 212: Congress API 404 at https://api.congress.gov/v3/vote/117/house/2/212?api_key=REDACTED&format=json
  [failed] 117_hr_7691 roll 191: Congress API 404 at https://api.congress.gov/v3/vote/117/senate/2/191?api_key=REDACTED&format=json
  [failed] 117_hr_7691 roll 191: Congress API 404 at https://api.congress.gov/v3/vote/117/senate/2/191?api_key=REDACTED&format=json
  [failed] 117_hr_7691 roll 191: Congress API 404 at https://api.congress.gov/v3/vote/117/senate/2/191?api_key=REDACTED&format=json
  [failed] 117_hr_7691 roll 145: Congress API 404 at https://api.congress.gov/v3/vote/117/house/2/145?api_key=REDACTED&format=json
  [failed] 117_s_937 roll 165: Congress API 404 at https://api.congress.gov/v3/vote/117/senate/1/165?api_key=REDACTED&format=json
  [failed] 117_s_937 roll 165: Congress API 404 at https://api.congress.gov/v3/vote/117/senate/1/165?api_key=REDACTED&format=json
  [failed] 117_hr_1799 roll 140: Congress API 404 at https://api.congress.gov/v3/vote/117/senate/1/140?api_key=REDACTED&format=json
  [failed] 117_hr_1799 roll 140: Congress API 404 at https://api.congress.gov/v3/vote/117/senate/1/140?api_key=REDACTED&format=json
  [failed] 117_s_1301 roll 411: Congress API 404 at https://api.congress.gov/v3/vote/117/senate/1/411?api_key=REDACTED&format=json
  [failed] 117_s_1301 roll 310: Congress API 404 at https://api.congress.gov/v3/vote/117/house/1/310?api_key=REDACTED&format=json
  [failed] 117_hr_6119 roll 477: Congress API 404 at https://api.congress.gov/v3/vote/117/senate/1/477?api_key=REDACTED&format=json
  [failed] 117_hr_6119 roll 399: Congress API 404 at https://api.congress.gov/v3/vote/117/house/1/399?api_key=REDACTED&format=json
  [failed] 117_hr_5305 roll 397: Congress API 404 at https://api.congress.gov/v3/vote/117/senate/1/397?api_key=REDACTED&format=json
  [failed] 117_hr_5305 roll 397: Congress API 404 at https://api.congress.gov/v3/vote/117/senate/1/397?api_key=REDACTED&format=json
  [failed] 117_hr_5305 roll 267: Congress API 404 at https://api.congress.gov/v3/vote/117/house/1/267?api_key=REDACTED&format=json
  [failed] 117_hr_3076 roll 71: Congress API 404 at https://api.congress.gov/v3/vote/117/senate/2/71?api_key=REDACTED&format=json
  [failed] 117_hr_3076 roll 71: Congress API 404 at https://api.congress.gov/v3/vote/117/senate/2/71?api_key=REDACTED&format=json
  [failed] 117_hr_3076 roll 71: Congress API 404 at https://api.congress.gov/v3/vote/117/senate/2/71?api_key=REDACTED&format=json
  [failed] 117_hr_3076 roll 38: Congress API 404 at https://api.congress.gov/v3/vote/117/house/2/38?api_key=REDACTED&format=json
  [failed] 117_s_1605 roll 496: Congress API 404 at https://api.congress.gov/v3/vote/117/senate/1/496?api_key=REDACTED&format=json
  [failed] 117_s_1605 roll 405: Congress API 404 at https://api.congress.gov/v3/vote/117/house/1/405?api_key=REDACTED&format=json
  [failed] 117_s_610 roll 490: Congress API 404 at https://api.congress.gov/v3/vote/117/senate/1/490?api_key=REDACTED&format=json
  [failed] 117_s_610 roll 404: Congress API 404 at https://api.congress.gov/v3/vote/117/house/1/404?api_key=REDACTED&format=json
  [failed] 117_hr_3237 roll 287: Congress API 404 at https://api.congress.gov/v3/vote/117/senate/1/287?api_key=REDACTED&format=json
  [failed] 117_hr_3237 roll 156: Congress API 404 at https://api.congress.gov/v3/vote/117/house/1/156?api_key=REDACTED&format=json
  [failed] 117_hr_6617 roll 64: Congress API 404 at https://api.congress.gov/v3/vote/117/senate/2/64?api_key=REDACTED&format=json
  [failed] 117_hr_6617 roll 64: Congress API 404 at https://api.congress.gov/v3/vote/117/senate/2/64?api_key=REDACTED&format=json
  [failed] 117_hr_6617 roll 39: Congress API 404 at https://api.congress.gov/v3/vote/117/house/2/39?api_key=REDACTED&format=json
  [failed] 117_hr_3684 roll 314: Congress API 404 at https://api.congress.gov/v3/vote/117/senate/1/314?api_key=REDACTED&format=json
  [failed] 117_hr_3684 roll 314: Congress API 404 at https://api.congress.gov/v3/vote/117/senate/1/314?api_key=REDACTED&format=json
  [failed] 117_hr_3684 roll 314: Congress API 404 at https://api.congress.gov/v3/vote/117/senate/1/314?api_key=REDACTED&format=json
  [failed] 117_hr_3684 roll 314: Congress API 404 at https://api.congress.gov/v3/vote/117/senate/1/314?api_key=REDACTED&format=json
  [failed] 117_hr_3684 roll 208: Congress API 404 at https://api.congress.gov/v3/vote/117/house/1/208?api_key=REDACTED&format=json
  [failed] 117_hr_1319 roll 110: Congress API 404 at https://api.congress.gov/v3/vote/117/senate/1/110?api_key=REDACTED&format=json
  [failed] 117_hr_1319 roll 49: Congress API 404 at https://api.congress.gov/v3/vote/117/house/1/49?api_key=REDACTED&format=json
  [failed] 117_hr_6968 roll 132: Congress API 404 at https://api.congress.gov/v3/vote/117/senate/2/132?api_key=REDACTED&format=json
  [failed] 117_hr_6968 roll 70: Congress API 404 at https://api.congress.gov/v3/vote/117/house/2/70?api_key=REDACTED&format=json
  [failed] 117_hr_7108 roll 131: Congress API 404 at https://api.congress.gov/v3/vote/117/senate/2/131?api_key=REDACTED&format=json
  [failed] 117_hr_4445 roll 33: Congress API 404 at https://api.congress.gov/v3/vote/117/house/2/33?api_key=REDACTED&format=json
  [failed] 117_s_475 roll 170: Congress API 404 at https://api.congress.gov/v3/vote/117/house/1/170?api_key=REDACTED&format=json
  [failed] 117_sjres_14 roll 185: Congress API 404 at https://api.congress.gov/v3/vote/117/house/1/185?api_key=REDACTED&format=json
  [failed] 117_sjres_14 roll 175: Congress API 404 at https://api.congress.gov/v3/vote/117/senate/1/175?api_key=REDACTED&format=json
  [failed] 117_sjres_33 roll 449: Congress API 404 at https://api.congress.gov/v3/vote/117/house/1/449?api_key=REDACTED&format=json
  [failed] 117_sjres_33 roll 498: Congress API 404 at https://api.congress.gov/v3/vote/117/senate/1/498?api_key=REDACTED&format=json
  [failed] 117_sjres_13 roll 183: Congress API 404 at https://api.congress.gov/v3/vote/117/house/1/183?api_key=REDACTED&format=json
  [failed] 117_sjres_13 roll 195: Congress API 404 at https://api.congress.gov/v3/vote/117/senate/1/195?api_key=REDACTED&format=json
  [failed] 117_sjres_15 roll 181: Congress API 404 at https://api.congress.gov/v3/vote/117/house/1/181?api_key=REDACTED&format=json
  [failed] 117_sjres_15 roll 183: Congress API 404 at https://api.congress.gov/v3/vote/117/senate/1/183?api_key=REDACTED&format=json
  [failed] 117_hr_335 roll 18: Congress API 404 at https://api.congress.gov/v3/vote/117/house/1/18?api_key=REDACTED&format=json
  [failed] 113_hr_527 roll 203: Congress API 404 at https://api.congress.gov/v3/vote/113/senate/1/203?api_key=REDACTED&format=json
  [failed] 113_hr_527 roll 128: Congress API 404 at https://api.congress.gov/v3/vote/113/house/1/128?api_key=REDACTED&format=json
  [failed] 113_hr_4681 roll 271: Congress API 404 at https://api.congress.gov/v3/vote/113/house/2/271?api_key=REDACTED&format=json
  [failed] 113_s_1086 roll 275: Congress API 404 at https://api.congress.gov/v3/vote/113/senate/2/275?api_key=REDACTED&format=json
  [failed] 113_s_1086 roll 275: Congress API 404 at https://api.congress.gov/v3/vote/113/senate/2/275?api_key=REDACTED&format=json
  [failed] 113_s_540 roll 33: Congress API 404 at https://api.congress.gov/v3/vote/113/senate/2/33?api_key=REDACTED&format=json
  [failed] 113_s_540 roll 61: Congress API 404 at https://api.congress.gov/v3/vote/113/house/2/61?api_key=REDACTED&format=json
  [failed] 113_hr_5771 roll 364: Congress API 404 at https://api.congress.gov/v3/vote/113/senate/2/364?api_key=REDACTED&format=json
  [failed] 113_hr_5771 roll 544: Congress API 404 at https://api.congress.gov/v3/vote/113/house/2/544?api_key=REDACTED&format=json
  [failed] 113_s_47 roll 55: Congress API 404 at https://api.congress.gov/v3/vote/113/house/1/55?api_key=REDACTED&format=json
  [failed] 113_s_47 roll 19: Congress API 404 at https://api.congress.gov/v3/vote/113/senate/1/19?api_key=REDACTED&format=json
  [failed] 113_hr_5021 roll 248: Congress API 404 at https://api.congress.gov/v3/vote/113/senate/2/248?api_key=REDACTED&format=json
  [failed] 113_hr_5021 roll 414: Congress API 404 at https://api.congress.gov/v3/vote/113/house/2/414?api_key=REDACTED&format=json
  [failed] 113_hr_4302 roll 93: Congress API 404 at https://api.congress.gov/v3/vote/113/senate/2/93?api_key=REDACTED&format=json
  [failed] 113_hr_3979 roll 322: Congress API 404 at https://api.congress.gov/v3/vote/113/senate/2/322?api_key=REDACTED&format=json
  [failed] 113_hr_3979 roll 322: Congress API 404 at https://api.congress.gov/v3/vote/113/senate/2/322?api_key=REDACTED&format=json
  [failed] 113_hr_3979 roll 322: Congress API 404 at https://api.congress.gov/v3/vote/113/senate/2/322?api_key=REDACTED&format=json
  [failed] 113_hr_3979 roll 322: Congress API 404 at https://api.congress.gov/v3/vote/113/senate/2/322?api_key=REDACTED&format=json
  [failed] 113_hr_3547 roll 12: Congress API 404 at https://api.congress.gov/v3/vote/113/senate/2/12?api_key=REDACTED&format=json
  [failed] 113_hr_3370 roll 78: Congress API 404 at https://api.congress.gov/v3/vote/113/senate/2/78?api_key=REDACTED&format=json
  [failed] 113_hr_3304 roll 282: Congress API 404 at https://api.congress.gov/v3/vote/113/senate/1/282?api_key=REDACTED&format=json
  [failed] 113_hr_3230 roll 187: Congress API 404 at https://api.congress.gov/v3/vote/113/senate/2/187?api_key=REDACTED&format=json
  [failed] 113_hr_3230 roll 516: Congress API 404 at https://api.congress.gov/v3/vote/113/house/1/516?api_key=REDACTED&format=json
  [failed] 113_hr_3210 roll 499: Congress API 404 at https://api.congress.gov/v3/vote/113/house/1/499?api_key=REDACTED&format=json
  [failed] 113_hr_3204 roll 234: Congress API 404 at https://api.congress.gov/v3/vote/113/senate/1/234?api_key=REDACTED&format=json
  [failed] 113_hr_2775 roll 219: Congress API 404 at https://api.congress.gov/v3/vote/113/senate/1/219?api_key=REDACTED&format=json
  [failed] 113_hr_2775 roll 219: Congress API 404 at https://api.congress.gov/v3/vote/113/senate/1/219?api_key=REDACTED&format=json
  [failed] 113_hr_2775 roll 458: Congress API 404 at https://api.congress.gov/v3/vote/113/house/1/458?api_key=REDACTED&format=json
  [failed] 113_hr_2642 roll 20: Congress API 404 at https://api.congress.gov/v3/vote/113/senate/2/20?api_key=REDACTED&format=json
  [failed] 113_hr_2642 roll 353: Congress API 404 at https://api.congress.gov/v3/vote/113/house/1/353?api_key=REDACTED&format=json
  [failed] 113_hr_3080 roll 560: Congress API 404 at https://api.congress.gov/v3/vote/113/house/1/560?api_key=REDACTED&format=json
  [failed] 113_hr_1911 roll 185: Congress API 404 at https://api.congress.gov/v3/vote/113/senate/1/185?api_key=REDACTED&format=json
  [failed] 113_hr_1911 roll 183: Congress API 404 at https://api.congress.gov/v3/vote/113/house/1/183?api_key=REDACTED&format=json
  [failed] 113_hr_803 roll 214: Congress API 404 at https://api.congress.gov/v3/vote/113/senate/2/214?api_key=REDACTED&format=json
  [failed] 113_hr_803 roll 75: Congress API 404 at https://api.congress.gov/v3/vote/113/house/1/75?api_key=REDACTED&format=json
  [failed] 113_hr_933 roll 44: Congress API 404 at https://api.congress.gov/v3/vote/113/senate/1/44?api_key=REDACTED&format=json
  [failed] 113_hr_933 roll 44: Congress API 404 at https://api.congress.gov/v3/vote/113/senate/1/44?api_key=REDACTED&format=json
  [failed] 113_hr_933 roll 62: Congress API 404 at https://api.congress.gov/v3/vote/113/house/1/62?api_key=REDACTED&format=json
  [failed] 113_hr_325 roll 11: Congress API 404 at https://api.congress.gov/v3/vote/113/senate/1/11?api_key=REDACTED&format=json
  [failed] 113_hr_325 roll 30: Congress API 404 at https://api.congress.gov/v3/vote/113/house/1/30?api_key=REDACTED&format=json
  [failed] 113_hr_152 roll 4: Congress API 404 at https://api.congress.gov/v3/vote/113/senate/1/4?api_key=REDACTED&format=json
  [failed] 113_hr_152 roll 23: Congress API 404 at https://api.congress.gov/v3/vote/113/house/1/23?api_key=REDACTED&format=json
  [failed] 113_hr_83 roll 352: Congress API 404 at https://api.congress.gov/v3/vote/113/senate/2/352?api_key=REDACTED&format=json
  [failed] 113_hr_678 roll 96: Congress API 404 at https://api.congress.gov/v3/vote/113/house/1/96?api_key=REDACTED&format=json
  [failed] 113_hjres_106 roll 11: Congress API 404 at https://api.congress.gov/v3/vote/113/senate/2/11?api_key=REDACTED&format=json
  [failed] 113_hjres_124 roll 270: Congress API 404 at https://api.congress.gov/v3/vote/113/senate/2/270?api_key=REDACTED&format=json
  [failed] 113_hjres_124 roll 270: Congress API 404 at https://api.congress.gov/v3/vote/113/senate/2/270?api_key=REDACTED&format=json
  [failed] 113_hjres_124 roll 509: Congress API 404 at https://api.congress.gov/v3/vote/113/house/2/509?api_key=REDACTED&format=json
  [failed] 113_hjres_59 roll 279: Congress API 404 at https://api.congress.gov/v3/vote/113/senate/1/279?api_key=REDACTED&format=json
  [failed] 113_hjres_59 roll 279: Congress API 404 at https://api.congress.gov/v3/vote/113/senate/1/279?api_key=REDACTED&format=json
  [failed] 113_hjres_59 roll 279: Congress API 404 at https://api.congress.gov/v3/vote/113/senate/1/279?api_key=REDACTED&format=json
  [failed] 113_hjres_59 roll 279: Congress API 404 at https://api.congress.gov/v3/vote/113/senate/1/279?api_key=REDACTED&format=json
  [failed] 113_hjres_59 roll 478: Congress API 404 at https://api.congress.gov/v3/vote/113/house/1/478?api_key=REDACTED&format=json
  [failed] 113_hjres_76 roll 542: Congress API 404 at https://api.congress.gov/v3/vote/113/house/1/542?api_key=REDACTED&format=json
  [failed] 114_hr_2 roll 144: Congress API 404 at https://api.congress.gov/v3/vote/114/senate/1/144?api_key=REDACTED&format=json
  [failed] 114_hr_2 roll 144: Congress API 404 at https://api.congress.gov/v3/vote/114/house/1/144?api_key=REDACTED&format=json
  [failed] 114_hr_2262 roll 262: Congress API 404 at https://api.congress.gov/v3/vote/114/house/1/262?api_key=REDACTED&format=json

Results: enriched=0 skipped=0 no-roll=0 failed=505
