
── Pipeline 101: Central America Legislation ──
Mode: full
Countries: Panama, El Salvador, Guatemala
Blockers:
  Dominican Republic (congreso.gob.do) — parked domain
  Honduras (congreso.gob.hn) — DNS failure
  Nicaragua (asamblea.gob.ni) — DNS failure

Step 1: Enumerating acts via Wayback CDX API...
  Panama (pa)... (node:43085) [DEP0205] DeprecationWarning: `module.register()` is deprecated. Use `module.registerHooks()` instead.
(Use `node --trace-deprecation ...` to show where the warning was created)
1017 acts
  El Salvador (sv)... 0 acts
  Guatemala (gt)... 0 acts

Total acts enumerated: 1017

Step 2: Ensuring topics...
  Created topic: pa-legislature
  Created topic: sv-legislature
  Created topic: gt-legislature
  0 records already in DB

Step 3: Fetching + writing 1017 acts...
  50/1017 fetched | Committed: 50
  100/1017 fetched | Committed: 100
  150/1017 fetched | Committed: 150
  200/1017 fetched | Committed: 200
  250/1017 fetched | Committed: 250
  300/1017 fetched | Committed: 300
  350/1017 fetched | Committed: 350
  400/1017 fetched | Committed: 400
  450/1017 fetched | Committed: 450
  500/1017 fetched | Committed: 500
  550/1017 fetched | Committed: 550
  600/1017 fetched | Committed: 600
  650/1017 fetched | Committed: 650
  700/1017 fetched | Committed: 700
  750/1017 fetched | Committed: 750
  800/1017 fetched | Committed: 800
  850/1017 fetched | Committed: 850
  900/1017 fetched | Committed: 900
  950/1017 fetched | Committed: 950
  1000/1017 fetched | Committed: 1000

Ingestion complete in 1047.9s
  Fetched: 1017 | With title: 1017 | No title: 0
  Ingested: 1017 | Skipped: 0 | Errors: 0
  Claims: 1017 | Sources: 1017 | Edges: 1017
