
── Pipeline 90: Indonesia Acts (UU) ─────────────
Mode: full | Limit: all

Step 1: Ensuring topic...
(node:43189) [DEP0205] DeprecationWarning: `module.register()` is deprecated. Use `module.registerHooks()` instead.
(Use `node --trace-deprecation ...` to show where the warning was created)
  Created topic: indonesia-dpr (parent: gov-region-asia-pacific)

Step 2: Fetching Indonesian UU from peraturan.go.id...
  Fetching page 1 of UU records from https://peraturan.go.id/api/peraturan...
  Error: Request timed out — retrying in 2000ms
  Error: Request timed out — retrying in 4000ms
  Error: Request timed out — retrying in 8000ms
Error: Request timed out
    at ClientRequest.<anonymous> (/Users/robclaw/Projects/epistemic-receipts/scripts/ingest-indonesia-legislation.ts:127:53)
    at ClientRequest.emit (node:events:509:20)
    at TLSSocket.emitRequestTimeout (node:_http_client:948:9)
    at Object.onceWrapper (node:events:630:28)
    at TLSSocket.emit (node:events:521:24)
    at Socket._onTimeout (node:net:610:8)
    at listOnTimeout (node:internal/timers:605:17)
    at process.processTimers (node:internal/timers:541:7)
