
── Pipeline 99: Central Asia Legislation ──
Mode: full
Countries: Armenia, Azerbaijan, Uzbekistan, Kyrgyzstan
Source: All via Wayback CDX enumeration (JS SPAs / WAF blocked)
Language note: titles in Armenian, Azerbaijani, Uzbek, Kyrgyz as archived

Step 1: Enumerating acts via Wayback CDX API...
  Armenia (am) [Armenian (hy)]... (node:43129) [DEP0205] DeprecationWarning: `module.register()` is deprecated. Use `module.registerHooks()` instead.
(Use `node --trace-deprecation ...` to show where the warning was created)
  CDX error for Armenia: Timeout: http://web.archive.org/cdx/search/cdx?url=arlis.am/*&output=json&fl=original,timestamp&collapse=urlkey&filter=statuscode:200&limit=5000
0 acts
  Azerbaijan (az) [Azerbaijani (az)]... 0 acts
  Uzbekistan (uz) [Uzbek (uz)]... 369 acts
  Kyrgyzstan (kg) [Kyrgyz (ky)]... 0 acts

Total acts enumerated: 369

Step 2: Ensuring topics...
  Created topic: am-legislature
  Created topic: az-legislature
  Created topic: uz-legislature
  Created topic: kg-legislature
  0 records already in DB

Step 3: Fetching + writing 369 acts...
  50/369 fetched | Committed: 50
  100/369 fetched | Committed: 100
  150/369 fetched | Committed: 150
  200/369 fetched | Committed: 200
  250/369 fetched | Committed: 250
  300/369 fetched | Committed: 300
  350/369 fetched | Committed: 350

Ingestion complete in 951.1s
  Fetched: 369 | With title: 369 | No title: 0
  Ingested: 369 | Skipped: 0 | Errors: 0
  Claims: 369 | Sources: 369 | Edges: 369
